[02Jun2025 00:03:57.026] [Server thread/INFO] [net.minecraft.world.entity.LivingEntity/]: Named entity Blaze['Desert Blaze'/81762, l='ServerLevel[world]', x=276.70, y=55.38, z=45.30] died: Desert Blaze was slain by aron121
[02Jun2025 00:06:15.160] [Server thread/INFO] [net.minecraft.world.entity.LivingEntity/]: Named entity Blaze['Desert Blaze'/82022, l='ServerLevel[world]', x=220.31, y=39.00, z=5.51] died: Desert Blaze was shot by aron121
[02Jun2025 00:07:54.256] [Server thread/INFO] [net.minecraft.world.entity.LivingEntity/]: Named entity Blaze['Desert Blaze'/82776, l='ServerLevel[world]', x=199.70, y=39.60, z=120.81] died: Desert Blaze was shot by aron121
[02Jun2025 00:10:26.733] [Worker-Main-1/WARN] [ModernFix/]: Skipped emitting ENTITY_MOUNT game event for entity Strider['Strider'/83572, l='ServerLevel[world]', x=249.00, y=31.00, z=425.00] as it would cause deadlock
[02Jun2025 00:11:02.773] [Worker-Main-3/WARN] [ModernFix/]: Skipped emitting ENTITY_MOUNT game event for entity Strider['Strider'/83703, l='ServerLevel[world]', x=252.00, y=31.00, z=443.00] as it would cause deadlock
[02Jun2025 00:11:15.433] [Server thread/INFO] [net.minecraft.world.entity.LivingEntity/]: Named entity Blaze['Desert Blaze'/83589, l='ServerLevel[world]', x=287.30, y=54.16, z=247.62] died: Desert Blaze was shot by aron121
[02Jun2025 00:13:33.807] [Server thread/INFO] [net.minecraft.server.network.ServerGamePacketListenerImpl/]: aron121 lost connection: Timed out
[02Jun2025 00:13:33.807] [Server thread/INFO] [net.minecraft.server.MinecraftServer/]: aron121 left the game
[02Jun2025 00:13:33.808] [Server thread/INFO] [voicechat/]: [voicechat] Disconnecting client aron121
[02Jun2025 00:13:49.258] [Server thread/INFO] [net.minecraft.server.players.PlayerList/]: aron121[/127.78.66.122:50987] logged in with entity id 84687 at (220.35709014342902, 42.0, 300.6894063878228)
[02Jun2025 00:13:49.267] [Server thread/INFO] [ModernFix/]: Using enhanced recipe sync for player aron121
[02Jun2025 00:13:49.269] [Server thread/INFO] [net.minecraft.server.MinecraftServer/]: aron121 joined the game
[02Jun2025 00:13:49.283] [Server thread/INFO] [Jade/]: Syncing config to aron121 (ac2a23d8-26e5-3794-b8bb-82982dc3fd63)
[02Jun2025 00:13:49.483] [Server thread/INFO] [voicechat/]: [voicechat] Received secret request of aron121 (18)
[02Jun2025 00:13:49.483] [Server thread/INFO] [voicechat/]: [voicechat] Sent secret to aron121
[02Jun2025 00:13:49.879] [Server thread/INFO] [do_a_barrel_roll/]: Client of aron121 accepted server config.
[02Jun2025 00:13:52.492] [VoiceChatPacketProcessingThread/INFO] [voicechat/]: [voicechat] Successfully authenticated player ac2a23d8-26e5-3794-b8bb-82982dc3fd63
[02Jun2025 00:13:53.448] [VoiceChatPacketProcessingThread/INFO] [voicechat/]: [voicechat] Successfully validated connection of player ac2a23d8-26e5-3794-b8bb-82982dc3fd63
[02Jun2025 00:13:53.448] [VoiceChatPacketProcessingThread/INFO] [voicechat/]: [voicechat] Player aron121 (ac2a23d8-26e5-3794-b8bb-82982dc3fd63) successfully connected to voice chat
[02Jun2025 00:17:15.535] [VoiceChatPacketProcessingThread/INFO] [voicechat/]: [voicechat] Player ac2a23d8-26e5-3794-b8bb-82982dc3fd63 timed out
[02Jun2025 00:17:15.536] [VoiceChatPacketProcessingThread/INFO] [voicechat/]: [voicechat] Reconnecting player aron121
[02Jun2025 00:17:15.536] [VoiceChatPacketProcessingThread/INFO] [voicechat/]: [voicechat] Sent secret to aron121
[02Jun2025 00:17:34.656] [Server thread/INFO] [net.minecraft.server.network.ServerGamePacketListenerImpl/]: aron121 lost connection: Timed out
[02Jun2025 00:17:34.656] [Server thread/INFO] [net.minecraft.server.MinecraftServer/]: aron121 left the game
[02Jun2025 00:17:34.656] [Server thread/INFO] [voicechat/]: [voicechat] Disconnecting client aron121
[02Jun2025 00:21:53.860] [Server thread/INFO] [net.minecraft.server.players.PlayerList/]: aron121[/127.42.106.217:58165] logged in with entity id 86257 at (111.30000001192093, 50.0, 386.30000001192093)
[02Jun2025 00:21:53.872] [Server thread/INFO] [ModernFix/]: Using enhanced recipe sync for player aron121
[02Jun2025 00:21:53.873] [Server thread/INFO] [net.minecraft.server.MinecraftServer/]: aron121 joined the game
[02Jun2025 00:21:53.885] [Server thread/INFO] [Jade/]: Syncing config to aron121 (ac2a23d8-26e5-3794-b8bb-82982dc3fd63)
[02Jun2025 00:21:54.765] [Server thread/INFO] [voicechat/]: [voicechat] Received secret request of aron121 (18)
[02Jun2025 00:21:54.766] [Server thread/INFO] [voicechat/]: [voicechat] Sent secret to aron121
[02Jun2025 00:21:55.107] [Server thread/INFO] [do_a_barrel_roll/]: Client of aron121 accepted server config.
[02Jun2025 00:21:55.746] [VoiceChatPacketProcessingThread/INFO] [voicechat/]: [voicechat] Successfully authenticated player ac2a23d8-26e5-3794-b8bb-82982dc3fd63
[02Jun2025 00:21:56.753] [VoiceChatPacketProcessingThread/INFO] [voicechat/]: [voicechat] Successfully validated connection of player ac2a23d8-26e5-3794-b8bb-82982dc3fd63
[02Jun2025 00:21:56.753] [VoiceChatPacketProcessingThread/INFO] [voicechat/]: [voicechat] Player aron121 (ac2a23d8-26e5-3794-b8bb-82982dc3fd63) successfully connected to voice chat
[02Jun2025 00:23:52.654] [Server thread/INFO] [net.minecraft.server.network.ServerGamePacketListenerImpl/]: aron121 lost connection: Disconnected
[02Jun2025 00:23:52.654] [Server thread/INFO] [net.minecraft.server.MinecraftServer/]: aron121 left the game
[02Jun2025 00:23:52.655] [Server thread/INFO] [voicechat/]: [voicechat] Disconnecting client aron121
[02Jun2025 00:23:58.507] [Server thread/INFO] [net.minecraft.server.players.PlayerList/]: aron121[/127.42.106.217:35545] logged in with entity id 86771 at (102.60372101803355, 35.0, 351.30000001192093)
[02Jun2025 00:23:58.517] [Server thread/INFO] [ModernFix/]: Using enhanced recipe sync for player aron121
[02Jun2025 00:23:58.518] [Server thread/INFO] [net.minecraft.server.MinecraftServer/]: aron121 joined the game
[02Jun2025 00:23:58.530] [Server thread/INFO] [Jade/]: Syncing config to aron121 (ac2a23d8-26e5-3794-b8bb-82982dc3fd63)
[02Jun2025 00:23:58.764] [Server thread/INFO] [voicechat/]: [voicechat] Received secret request of aron121 (18)
[02Jun2025 00:23:58.764] [Server thread/INFO] [voicechat/]: [voicechat] Sent secret to aron121
[02Jun2025 00:23:58.954] [Server thread/INFO] [do_a_barrel_roll/]: Client of aron121 accepted server config.
[02Jun2025 00:23:59.227] [VoiceChatPacketProcessingThread/INFO] [voicechat/]: [voicechat] Successfully authenticated player ac2a23d8-26e5-3794-b8bb-82982dc3fd63
[02Jun2025 00:24:00.240] [VoiceChatPacketProcessingThread/INFO] [voicechat/]: [voicechat] Successfully validated connection of player ac2a23d8-26e5-3794-b8bb-82982dc3fd63
[02Jun2025 00:24:00.241] [VoiceChatPacketProcessingThread/INFO] [voicechat/]: [voicechat] Player aron121 (ac2a23d8-26e5-3794-b8bb-82982dc3fd63) successfully connected to voice chat
[02Jun2025 00:26:29.759] [Server thread/INFO] [net.minecraft.server.MinecraftServer/]: Unknown or incomplete command, see below for error
[02Jun2025 00:26:29.775] [Server thread/INFO] [net.minecraft.server.MinecraftServer/]: xd<--[HERE]
[02Jun2025 00:27:05.102] [Server thread/INFO] [net.minecraft.server.MinecraftServer/]: [Shadowne_: Teleported aron121 to Shadowne_]
[02Jun2025 00:27:53.544] [Server thread/INFO] [net.minecraft.world.entity.LivingEntity/]: Named entity Piglin['Piglin Civilian'/77093, l='ServerLevel[world]', x=-186.94, y=33.00, z=93.38] died: Piglin Civilian fell from a high place
[02Jun2025 00:28:12.946] [Server thread/INFO] [net.minecraft.server.MinecraftServer/]: [Not Secure] <Shadowne_> mataste a los bosses?
[02Jun2025 00:28:22.797] [Server thread/INFO] [net.minecraft.server.MinecraftServer/]: [Not Secure] <Shadowne_> chale
[02Jun2025 00:28:28.648] [Server thread/INFO] [net.minecraft.world.entity.LivingEntity/]: Named entity Blaze['Desert Blaze'/83922, l='ServerLevel[world]', x=-36.53, y=10.00, z=8.34] died: Desert Blaze was shot by Shadowne_
[02Jun2025 00:29:33.538] [Server thread/INFO] [net.minecraft.server.MinecraftServer/]: Shadowne_ has made the advancement [UNLIMITED POWER!!!]
[02Jun2025 00:30:24.309] [Server thread/INFO] [net.minecraft.server.MinecraftServer/]: aron121 was slain by Shadowne_
[02Jun2025 00:30:25.759] [Server thread/INFO] [do_a_barrel_roll/]: Client of aron121 accepted server config.
[02Jun2025 00:30:32.723] [Server thread/INFO] [net.minecraft.server.MinecraftServer/]: [Shadowne_: Teleported Shadowne_ to aron121]
[02Jun2025 00:30:33.003] [Server thread/INFO] [do_a_barrel_roll/]: Client of Shadowne_ accepted server config.
[02Jun2025 00:35:31.608] [Server thread/INFO] [net.minecraft.server.MinecraftServer/]: [Shadowne_: Set own game mode to Creative Mode]
[02Jun2025 00:35:54.178] [Server thread/INFO] [net.minecraft.server.MinecraftServer/]: [Shadowne_: Set own game mode to Survival Mode]
[02Jun2025 00:36:05.245] [Server thread/INFO] [net.minecraft.server.MinecraftServer/]: Shadowne_ has made the advancement [Looks Like Emerald to Me]
[02Jun2025 00:41:25.166] [Server thread/WARN] [net.minecraft.server.network.ServerGamePacketListenerImpl/]: aron121 moved too quickly! -1.4588235679541413,3.0,-9.501622025288157
[02Jun2025 00:45:45.755] [Server thread/INFO] [net.minecraft.server.MinecraftServer/]: Unknown or incomplete command, see below for error
[02Jun2025 00:45:45.756] [Server thread/INFO] [net.minecraft.server.MinecraftServer/]: xd<--[HERE]
[02Jun2025 00:51:43.562] [Server thread/INFO] [net.minecraft.server.MinecraftServer/]: [Shadowne_: Set own game mode to Creative Mode]
[02Jun2025 00:51:51.412] [Server thread/INFO] [net.minecraft.server.MinecraftServer/]: [Shadowne_: Set own game mode to Survival Mode]
[02Jun2025 00:55:56.037] [Server thread/INFO] [net.minecraft.server.MinecraftServer/]: aron121 has made the advancement [Looks Like Emerald to Me]
[02Jun2025 01:04:30.346] [Server thread/INFO] [net.minecraft.server.MinecraftServer/]: [Shadowne_: Set own game mode to Creative Mode]
[02Jun2025 01:05:16.025] [Server thread/INFO] [net.minecraft.server.MinecraftServer/]: [Shadowne_: Set own game mode to Survival Mode]
[02Jun2025 01:06:19.779] [Server thread/INFO] [net.minecraft.server.MinecraftServer/]: [Shadowne_: Set own game mode to Creative Mode]
[02Jun2025 01:06:21.912] [Server thread/INFO] [net.minecraft.server.MinecraftServer/]: [Shadowne_: Set own game mode to Survival Mode]
[02Jun2025 01:16:09.443] [Server thread/INFO] [net.minecraft.server.MinecraftServer/]: [Not Secure] <Shadowne_> xd
[02Jun2025 01:18:58.499] [Server thread/INFO] [net.minecraft.server.MinecraftServer/]: [Shadowne_: Set own game mode to Creative Mode]
[02Jun2025 01:19:28.897] [Server thread/INFO] [net.minecraft.server.MinecraftServer/]: [Shadowne_: Set own game mode to Survival Mode]
[02Jun2025 01:20:02.923] [Server thread/INFO] [net.minecraft.server.MinecraftServer/]: [Shadowne_: Set own game mode to Creative Mode]
[02Jun2025 01:20:21.056] [Server thread/INFO] [net.minecraft.server.MinecraftServer/]: [Shadowne_: Set own game mode to Survival Mode]
[02Jun2025 01:20:30.582] [Server thread/INFO] [net.minecraft.server.MinecraftServer/]: [Shadowne_: Set own game mode to Creative Mode]
[02Jun2025 01:20:49.494] [Server thread/INFO] [net.minecraft.server.MinecraftServer/]: [Shadowne_: Set own game mode to Survival Mode]
[02Jun2025 01:21:03.575] [Server thread/INFO] [net.minecraft.server.MinecraftServer/]: [Shadowne_: Set own game mode to Creative Mode]
[02Jun2025 01:21:15.174] [Server thread/INFO] [net.minecraft.server.MinecraftServer/]: [Shadowne_: Set own game mode to Survival Mode]
[02Jun2025 01:24:24.567] [Server thread/INFO] [net.minecraft.server.MinecraftServer/]: [Shadowne_: Set own game mode to Creative Mode]
[02Jun2025 01:24:34.296] [Server thread/INFO] [net.minecraft.server.MinecraftServer/]: [Shadowne_: Set own game mode to Survival Mode]
[02Jun2025 01:26:34.543] [Server thread/INFO] [net.minecraft.server.network.ServerGamePacketListenerImpl/]: aron121 lost connection: Timed out
[02Jun2025 01:26:34.544] [Server thread/INFO] [net.minecraft.server.MinecraftServer/]: aron121 left the game
[02Jun2025 01:26:34.544] [Server thread/INFO] [voicechat/]: [voicechat] Disconnecting client aron121
[02Jun2025 01:26:42.005] [Server thread/INFO] [net.minecraft.server.players.PlayerList/]: aron121[/127.42.106.217:37269] logged in with entity id 102932 at (1086.0223532945745, 76.0, 952.8133602810022)
[02Jun2025 01:26:42.015] [Server thread/INFO] [ModernFix/]: Using enhanced recipe sync for player aron121
[02Jun2025 01:26:42.016] [Server thread/INFO] [net.minecraft.server.MinecraftServer/]: aron121 joined the game
[02Jun2025 01:26:42.074] [Server thread/INFO] [Jade/]: Syncing config to aron121 (ac2a23d8-26e5-3794-b8bb-82982dc3fd63)
[02Jun2025 01:26:42.244] [Server thread/INFO] [voicechat/]: [voicechat] Received secret request of aron121 (18)
[02Jun2025 01:26:42.245] [Server thread/INFO] [voicechat/]: [voicechat] Sent secret to aron121
[02Jun2025 01:26:42.674] [Server thread/INFO] [do_a_barrel_roll/]: Client of aron121 accepted server config.
[02Jun2025 01:26:44.852] [VoiceChatPacketProcessingThread/INFO] [voicechat/]: [voicechat] Successfully authenticated player ac2a23d8-26e5-3794-b8bb-82982dc3fd63
[02Jun2025 01:26:45.854] [VoiceChatPacketProcessingThread/INFO] [voicechat/]: [voicechat] Successfully validated connection of player ac2a23d8-26e5-3794-b8bb-82982dc3fd63
[02Jun2025 01:26:45.854] [VoiceChatPacketProcessingThread/INFO] [voicechat/]: [voicechat] Player aron121 (ac2a23d8-26e5-3794-b8bb-82982dc3fd63) successfully connected to voice chat
[02Jun2025 01:27:12.093] [Server thread/INFO] [net.minecraft.server.network.ServerGamePacketListenerImpl/]: aron121 lost connection: Timed out
[02Jun2025 01:27:12.093] [Server thread/INFO] [net.minecraft.server.MinecraftServer/]: aron121 left the game
[02Jun2025 01:27:12.094] [Server thread/INFO] [voicechat/]: [voicechat] Disconnecting client aron121
[02Jun2025 01:27:18.555] [Server thread/INFO] [net.minecraft.server.players.PlayerList/]: aron121[/127.42.106.217:39401] logged in with entity id 102988 at (1085.4259720978864, 76.0, 953.047515026402)
[02Jun2025 01:27:18.562] [Server thread/INFO] [ModernFix/]: Using enhanced recipe sync for player aron121
[02Jun2025 01:27:18.563] [Server thread/INFO] [net.minecraft.server.MinecraftServer/]: aron121 joined the game
[02Jun2025 01:27:18.614] [Server thread/INFO] [Jade/]: Syncing config to aron121 (ac2a23d8-26e5-3794-b8bb-82982dc3fd63)
[02Jun2025 01:27:18.795] [Server thread/INFO] [voicechat/]: [voicechat] Received secret request of aron121 (18)
[02Jun2025 01:27:18.796] [Server thread/INFO] [voicechat/]: [voicechat] Sent secret to aron121
[02Jun2025 01:27:19.069] [Server thread/INFO] [do_a_barrel_roll/]: Client of aron121 accepted server config.
[02Jun2025 01:27:22.000] [VoiceChatPacketProcessingThread/INFO] [voicechat/]: [voicechat] Successfully authenticated player ac2a23d8-26e5-3794-b8bb-82982dc3fd63
[02Jun2025 01:27:23.000] [VoiceChatPacketProcessingThread/INFO] [voicechat/]: [voicechat] Successfully validated connection of player ac2a23d8-26e5-3794-b8bb-82982dc3fd63
[02Jun2025 01:27:23.001] [VoiceChatPacketProcessingThread/INFO] [voicechat/]: [voicechat] Player aron121 (ac2a23d8-26e5-3794-b8bb-82982dc3fd63) successfully connected to voice chat
[02Jun2025 01:27:48.696] [Server thread/INFO] [net.minecraft.server.network.ServerGamePacketListenerImpl/]: aron121 lost connection: Timed out
[02Jun2025 01:27:48.696] [Server thread/INFO] [net.minecraft.server.MinecraftServer/]: aron121 left the game
[02Jun2025 01:27:48.697] [Server thread/INFO] [voicechat/]: [voicechat] Disconnecting client aron121
[02Jun2025 01:27:55.361] [Server thread/INFO] [net.minecraft.server.players.PlayerList/]: aron121[/127.42.106.217:36935] logged in with entity id 103123 at (1086.699999988079, 76.0, 952.4222962949943)
[02Jun2025 01:27:55.371] [Server thread/INFO] [ModernFix/]: Using enhanced recipe sync for player aron121
[02Jun2025 01:27:55.373] [Server thread/INFO] [net.minecraft.server.MinecraftServer/]: aron121 joined the game
[02Jun2025 01:27:55.442] [Server thread/INFO] [Jade/]: Syncing config to aron121 (ac2a23d8-26e5-3794-b8bb-82982dc3fd63)
[02Jun2025 01:27:55.609] [Server thread/INFO] [voicechat/]: [voicechat] Received secret request of aron121 (18)
[02Jun2025 01:27:55.609] [Server thread/INFO] [voicechat/]: [voicechat] Sent secret to aron121
[02Jun2025 01:27:55.764] [Server thread/INFO] [do_a_barrel_roll/]: Client of aron121 accepted server config.
[02Jun2025 01:27:57.996] [VoiceChatPacketProcessingThread/INFO] [voicechat/]: [voicechat] Successfully authenticated player ac2a23d8-26e5-3794-b8bb-82982dc3fd63
[02Jun2025 01:27:59.005] [VoiceChatPacketProcessingThread/INFO] [voicechat/]: [voicechat] Successfully validated connection of player ac2a23d8-26e5-3794-b8bb-82982dc3fd63
[02Jun2025 01:27:59.005] [VoiceChatPacketProcessingThread/INFO] [voicechat/]: [voicechat] Player aron121 (ac2a23d8-26e5-3794-b8bb-82982dc3fd63) successfully connected to voice chat
[02Jun2025 01:28:55.491] [Server thread/INFO] [net.minecraft.server.network.ServerGamePacketListenerImpl/]: aron121 lost connection: Timed out
[02Jun2025 01:28:55.492] [Server thread/INFO] [net.minecraft.server.MinecraftServer/]: aron121 left the game
[02Jun2025 01:28:55.492] [Server thread/INFO] [voicechat/]: [voicechat] Disconnecting client aron121
[02Jun2025 01:31:29.202] [Server thread/INFO] [net.minecraft.server.players.PlayerList/]: aron121[/127.42.106.217:57601] logged in with entity id 103889 at (1086.4353763264837, 76.0, 952.3228135243935)
[02Jun2025 01:31:29.211] [Server thread/INFO] [ModernFix/]: Using enhanced recipe sync for player aron121
[02Jun2025 01:31:29.212] [Server thread/INFO] [net.minecraft.server.MinecraftServer/]: aron121 joined the game
[02Jun2025 01:31:29.263] [Server thread/INFO] [Jade/]: Syncing config to aron121 (ac2a23d8-26e5-3794-b8bb-82982dc3fd63)
[02Jun2025 01:31:29.425] [Server thread/INFO] [voicechat/]: [voicechat] Received secret request of aron121 (18)
[02Jun2025 01:31:29.425] [Server thread/INFO] [voicechat/]: [voicechat] Sent secret to aron121
[02Jun2025 01:31:29.604] [Server thread/INFO] [do_a_barrel_roll/]: Client of aron121 accepted server config.
[02Jun2025 01:31:32.919] [VoiceChatPacketProcessingThread/INFO] [voicechat/]: [voicechat] Successfully authenticated player ac2a23d8-26e5-3794-b8bb-82982dc3fd63
[02Jun2025 01:31:33.915] [VoiceChatPacketProcessingThread/INFO] [voicechat/]: [voicechat] Successfully validated connection of player ac2a23d8-26e5-3794-b8bb-82982dc3fd63
[02Jun2025 01:31:33.916] [VoiceChatPacketProcessingThread/INFO] [voicechat/]: [voicechat] Player aron121 (ac2a23d8-26e5-3794-b8bb-82982dc3fd63) successfully connected to voice chat
[02Jun2025 01:38:09.648] [Server thread/INFO] [net.minecraft.server.MinecraftServer/]: aron121 fell while climbing
[02Jun2025 01:38:09.651] [Server thread/INFO] [com.tiviacz.travelersbackpack.TravelersBackpack/]: Created new backpack backup file for aron121 with unique ID travelersbackpack.iron_02.06.2025-01.38.09.dat
[02Jun2025 01:38:11.115] [Server thread/INFO] [do_a_barrel_roll/]: Client of aron121 accepted server config.
[02Jun2025 01:38:15.813] [Server thread/INFO] [net.minecraft.server.MinecraftServer/]: [Not Secure] <Shadowne_> XDD
[02Jun2025 01:45:50.503] [Server thread/WARN] [net.minecraft.server.network.ServerGamePacketListenerImpl/]: aron121 moved too quickly! -1.484997015753379,3.0013359791121417,-9.462499976158142
[02Jun2025 01:46:11.693] [Server thread/INFO] [net.minecraft.server.MinecraftServer/]: [Shadowne_: Set own game mode to Creative Mode]
[02Jun2025 01:46:45.691] [Server thread/INFO] [net.minecraft.server.network.ServerGamePacketListenerImpl/]: Shadowne_ lost connection: Disconnected
[02Jun2025 01:46:45.691] [Server thread/INFO] [net.minecraft.server.MinecraftServer/]: Shadowne_ left the game
[02Jun2025 01:46:45.692] [Server thread/INFO] [voicechat/]: [voicechat] Disconnecting client Shadowne_
