[20:53:48] [modloading-worker-0/INFO] ========================================
[20:53:48] [modloading-worker-0/INFO] Minecraft: 1.20.1
[20:53:48] [modloading-worker-0/INFO] Side: server
[20:53:48] [modloading-worker-0/INFO] Development: false
[20:53:48] [modloading-worker-0/INFO] Version: 12.1.785
[20:53:48] [modloading-worker-0/INFO] Loader:
[20:53:48] [modloading-worker-0/INFO] - Forge: 47.4.1
[20:53:48] [modloading-worker-0/INFO] Dependencies:
[20:53:48] [modloading-worker-0/INFO] - Cloth Config: 11.1.136
[20:53:48] [modloading-worker-0/INFO] - Architectury: 9.2.14
[20:53:48] [modloading-worker-0/INFO] Mixin: 0.8.5
[20:53:48] [modloading-worker-0/INFO] OS: Linux 6.8.0-1027-azure (amd64)
[20:53:48] [modloading-worker-0/INFO] Java: 17.0.15 (Ubuntu)
[20:53:48] [modloading-worker-0/INFO] ========================================
[20:53:48] [modloading-worker-0/INFO] Mods:
[20:53:48] [modloading-worker-0/INFO] - advancednetherite: 2.1.3
[20:53:48] [modloading-worker-0/INFO] - advancementplaques: 1.6.9
[20:53:48] [modloading-worker-0/INFO] - ambientsounds: 6.1.11
[20:53:48] [modloading-worker-0/INFO] - amendments: 1.20-1.2.19
[20:53:48] [modloading-worker-0/INFO] - animatedmobsmod: 1.0.0
[20:53:48] [modloading-worker-0/INFO] - another_furniture: 1.20.1-3.0.2
[20:53:48] [modloading-worker-0/INFO] - appleskin: 2.5.1+mc1.20.1
[20:53:48] [modloading-worker-0/INFO] - architectury: 9.2.14
[20:53:48] [modloading-worker-0/INFO] - backpacked: 2.2.5
[20:53:48] [modloading-worker-0/INFO] - balm: 7.3.31
[20:53:48] [modloading-worker-0/INFO] - better_totem_of_undying: 1.2.0
[20:53:48] [modloading-worker-0/INFO] - betteradvancements: 0.4.2.25
[20:53:48] [modloading-worker-0/INFO] - betterdeserttemples: 1.20-Forge-3.0.3
[20:53:48] [modloading-worker-0/INFO] - betterdungeons: 1.20-Forge-4.0.4
[20:53:48] [modloading-worker-0/INFO] - betterendisland: 1.20-Forge-2.0.6
[20:53:48] [modloading-worker-0/INFO] - betterf3: 7.0.2
[20:53:48] [modloading-worker-0/INFO] - betterfortresses: 1.20-Forge-2.0.6
[20:53:48] [modloading-worker-0/INFO] - betterjungletemples: 1.20-Forge-2.0.5
[20:53:48] [modloading-worker-0/INFO] - bettermineshafts: 1.20-Forge-4.0.4
[20:53:48] [modloading-worker-0/INFO] - betterstrongholds: 1.20-Forge-4.0.3
[20:53:48] [modloading-worker-0/INFO] - betterthirdperson: 1.9.0
[20:53:48] [modloading-worker-0/INFO] - bettertridents: 8.0.1
[20:53:48] [modloading-worker-0/INFO] - bettervillage: 3.1.0
[20:53:48] [modloading-worker-0/INFO] - bookshelf: 20.2.13
[20:53:48] [modloading-worker-0/INFO] - boss_blades: 1.0.0
[20:53:48] [modloading-worker-0/INFO] - bosses_of_mass_destruction: 1.1.2
[20:53:48] [modloading-worker-0/INFO] - bwncr: 3.17.2
[20:53:48] [modloading-worker-0/INFO] - caelus: 3.2.0+1.20.1
[20:53:48] [modloading-worker-0/INFO] - call_of_yucutan: 1.0.13
[20:53:48] [modloading-worker-0/INFO] - carryon: 2.1.2.7
[20:53:48] [modloading-worker-0/INFO] - cerbons_api: 1.1.0
[20:53:48] [modloading-worker-0/INFO] - charmofundying: 6.5.0+1.20.1
[20:53:48] [modloading-worker-0/INFO] - chat_heads: 0.13.18
[20:53:48] [modloading-worker-0/INFO] - chimes: 2.0.1
[20:53:48] [modloading-worker-0/INFO] - cloth_config: 11.1.136
[20:53:48] [modloading-worker-0/INFO] - clumps: 12.0.0.4
[20:53:48] [modloading-worker-0/INFO] - cobweb: 1.0.1
[20:53:48] [modloading-worker-0/INFO] - collective: 8.3
[20:53:48] [modloading-worker-0/INFO] - connectormod: 1.0.0-beta.46+1.20.1
[20:53:48] [modloading-worker-0/INFO] - coroutil: 1.20.1-1.3.7
[20:53:48] [modloading-worker-0/INFO] - create: 6.0.4
[20:53:48] [modloading-worker-0/INFO] - creativecore: 2.12.32
[20:53:48] [modloading-worker-0/INFO] - creeperoverhaul: 3.0.2
[20:53:48] [modloading-worker-0/INFO] - cristellib: 1.1.6
[20:53:48] [modloading-worker-0/INFO] - curios: 5.14.1+1.20.1
[20:53:48] [modloading-worker-0/INFO] - customskinloader: 14.23
[20:53:48] [modloading-worker-0/INFO] - deimos: 2.2
[20:53:48] [modloading-worker-0/INFO] - do_a_barrel_roll: 3.5.6+1.20.1
[20:53:48] [modloading-worker-0/INFO] - doubledoors: 7.0
[20:53:48] [modloading-worker-0/INFO] - drippyloadingscreen: 3.0.12
[20:53:48] [modloading-worker-0/INFO] - durabilitytooltip: 1.1.5
[20:53:48] [modloading-worker-0/INFO] - easyanvils: 8.0.2
[20:53:48] [modloading-worker-0/INFO] - easymagic: 8.0.1
[20:53:48] [modloading-worker-0/INFO] - easyshulkerboxes: 8.0.2
[20:53:48] [modloading-worker-0/INFO] - eeeabsmobs: 1.20.1-0.97
[20:53:48] [modloading-worker-0/INFO] - elytraslot: 6.4.4+1.20.1
[20:53:48] [modloading-worker-0/INFO] - enchdesc: 17.1.19
[20:53:48] [modloading-worker-0/INFO] - enhancedvisuals: 1.8.2
[20:53:48] [modloading-worker-0/INFO] - entity_model_features: 2.4.1
[20:53:48] [modloading-worker-0/INFO] - entity_texture_features: 6.2.9
[20:53:48] [modloading-worker-0/INFO] - fabric_api: 0.92.2+1.11.12+1.20.1
[20:53:48] [modloading-worker-0/INFO] - fabric_api_base: 0.4.31+ef105b4977
[20:53:48] [modloading-worker-0/INFO] - fabric_api_lookup_api_v1: 1.6.36+67f9824077
[20:53:48] [modloading-worker-0/INFO] - fabric_biome_api_v1: 13.0.13+dc36698e77
[20:53:48] [modloading-worker-0/INFO] - fabric_block_api_v1: 1.0.11+0e6cb7f777
[20:53:48] [modloading-worker-0/INFO] - fabric_block_view_api_v2: 1.0.1+0767707077
[20:53:48] [modloading-worker-0/INFO] - fabric_blockrenderlayer_v1: 1.1.41+1d0da21e77
[20:53:48] [modloading-worker-0/INFO] - fabric_client_tags_api_v1: 1.1.2+5d6761b877
[20:53:48] [modloading-worker-0/INFO] - fabric_command_api_v1: 1.2.34+f71b366f77
[20:53:48] [modloading-worker-0/INFO] - fabric_command_api_v2: 2.2.13+561530ec77
[20:53:48] [modloading-worker-0/INFO] - fabric_content_registries_v0: 4.0.11+a670df1e77
[20:53:48] [modloading-worker-0/INFO] - fabric_convention_tags_v1: 1.5.5+fa3d1c0177
[20:53:48] [modloading-worker-0/INFO] - fabric_data_attachment_api_v1: 1.0.0+30ef839e77
[20:53:48] [modloading-worker-0/INFO] - fabric_data_generation_api_v1: 12.3.4+369cb3a477
[20:53:48] [modloading-worker-0/INFO] - fabric_dimensions_v1: 2.1.54+8005d10d77
[20:53:48] [modloading-worker-0/INFO] - fabric_entity_events_v1: 1.6.0+4ca7515277
[20:53:48] [modloading-worker-0/INFO] - fabric_events_interaction_v0: 0.6.2+0d0bd5a777
[20:53:48] [modloading-worker-0/INFO] - fabric_game_rule_api_v1: 1.0.40+683d4da877
[20:53:48] [modloading-worker-0/INFO] - fabric_item_api_v1: 2.1.28+4d0bbcfa77
[20:53:48] [modloading-worker-0/INFO] - fabric_item_group_api_v1: 4.0.12+c9161c2d77
[20:53:48] [modloading-worker-0/INFO] - fabric_key_binding_api_v1: 1.0.37+561530ec77
[20:53:48] [modloading-worker-0/INFO] - fabric_lifecycle_events_v1: 2.2.22+afab492177
[20:53:48] [modloading-worker-0/INFO] - fabric_loot_api_v2: 1.2.1+eb28f93e77
[20:53:48] [modloading-worker-0/INFO] - fabric_message_api_v1: 5.1.9+52cc178c77
[20:53:48] [modloading-worker-0/INFO] - fabric_mining_level_api_v1: 2.1.50+561530ec77
[20:53:48] [modloading-worker-0/INFO] - fabric_model_loading_api_v1: 1.0.3+6274ab9d77
[20:53:48] [modloading-worker-0/INFO] - fabric_models_v0: 0.4.2+7c3892a477
[20:53:48] [modloading-worker-0/INFO] - fabric_networking_api_v1: 1.3.11+503a202477
[20:53:48] [modloading-worker-0/INFO] - fabric_object_builder_api_v1: 11.1.3+4bd998fa77
[20:53:48] [modloading-worker-0/INFO] - fabric_particles_v1: 1.1.2+78e1ecb877
[20:53:48] [modloading-worker-0/INFO] - fabric_recipe_api_v1: 1.0.21+514a076577
[20:53:48] [modloading-worker-0/INFO] - fabric_registry_sync_v0: 2.3.3+1c0ea72177
[20:53:48] [modloading-worker-0/INFO] - fabric_renderer_api_v1: 3.2.1+cf68abbe77
[20:53:48] [modloading-worker-0/INFO] - fabric_renderer_indigo: 1.5.2+b5b2da4177
[20:53:48] [modloading-worker-0/INFO] - fabric_rendering_data_attachment_v1: 0.3.37+a6081afc77
[20:53:48] [modloading-worker-0/INFO] - fabric_rendering_fluids_v1: 3.0.28+4ac5e37a77
[20:53:48] [modloading-worker-0/INFO] - fabric_rendering_v1: 3.0.8+66e9a48f77
[20:53:48] [modloading-worker-0/INFO] - fabric_resource_conditions_api_v1: 2.3.8+9e342fc177
[20:53:48] [modloading-worker-0/INFO] - fabric_resource_loader_v0: 0.11.10+bcd08ed377
[20:53:48] [modloading-worker-0/INFO] - fabric_screen_api_v1: 2.0.8+45a670a577
[20:53:48] [modloading-worker-0/INFO] - fabric_screen_handler_api_v1: 1.3.30+561530ec77
[20:53:48] [modloading-worker-0/INFO] - fabric_sound_api_v1: 1.0.13+4f23bd8477
[20:53:48] [modloading-worker-0/INFO] - fabric_transfer_api_v1: 3.3.5+631c9cd677
[20:53:48] [modloading-worker-0/INFO] - fabric_transitive_access_wideners_v1: 4.3.1+1880499877
[20:53:48] [modloading-worker-0/INFO] - fancymenu: 3.5.2
[20:53:48] [modloading-worker-0/INFO] - fastipping: 1.0.5
[20:53:48] [modloading-worker-0/INFO] - ferritecore: 6.0.1
[20:53:48] [modloading-worker-0/INFO] - firearrows: 13.2
[20:53:48] [modloading-worker-0/INFO] - flywheel: 1.0.2
[20:53:48] [modloading-worker-0/INFO] - forge: 47.4.1
[20:53:48] [modloading-worker-0/INFO] - framework: 0.7.6
[20:53:48] [modloading-worker-0/INFO] - geckolib: 4.7.1.2
[20:53:48] [modloading-worker-0/INFO] - gravestone: 1.20.1-1.0.24
[20:53:48] [modloading-worker-0/INFO] - iceberg: 1.1.25
[20:53:48] [modloading-worker-0/INFO] - immediatelyfast: 1.5.0+1.20.4
[20:53:48] [modloading-worker-0/INFO] - immersive_aircraft: 1.2.2+1.20.1
[20:53:48] [modloading-worker-0/INFO] - immersive_armors: 1.7.0+1.20.1
[20:53:48] [modloading-worker-0/INFO] - incendium: 5.3.5
[20:53:48] [modloading-worker-0/INFO] - inventoryprofilesnext: 1.10.14
[20:53:48] [modloading-worker-0/INFO] - invmove: 0.9.0
[20:53:48] [modloading-worker-0/INFO] - jade: 11.13.1+forge
[20:53:48] [modloading-worker-0/INFO] - jamlib: 1.3.5+1.20.1
[20:53:48] [modloading-worker-0/INFO] - kiwi: 11.8.31+forge
[20:53:48] [modloading-worker-0/INFO] - konkrete: 1.8.0
[20:53:48] [modloading-worker-0/INFO] - kotlinforforge: 4.11.0
[20:53:48] [modloading-worker-0/INFO] - kuma_api: 20.1.10
[20:53:48] [modloading-worker-0/INFO] - legendary_monsters: 1.20.1
[20:53:48] [modloading-worker-0/INFO] - libipn: 4.0.2
[20:53:48] [modloading-worker-0/INFO] - libraryferret: 4.0.0
[20:53:48] [modloading-worker-0/INFO] - melody: 1.0.2
[20:53:48] [modloading-worker-0/INFO] - midnightlib: 1.4.2
[20:53:48] [modloading-worker-0/INFO] - minecraft: 1.20.1
[20:53:48] [modloading-worker-0/INFO] - mixinextras: 0.2.0-beta.6
[20:53:48] [modloading-worker-0/INFO] - mixinsquared: 0.1.2-beta.6
[20:53:48] [modloading-worker-0/INFO] - modernfix: 5.23.0+mc1.20.1
[20:53:48] [modloading-worker-0/INFO] - moonlight: 1.20-2.14.1
[20:53:48] [modloading-worker-0/INFO] - moremobvariants: 1.3.0.1
[20:53:48] [modloading-worker-0/INFO] - mousetweaks: 2.25.1
[20:53:48] [modloading-worker-0/INFO] - mr_dungeons_andtaverns: 3.0.3.f
[20:53:48] [modloading-worker-0/INFO] - mr_limesplatus_ending: 1-v1.1.0c
[20:53:48] [modloading-worker-0/INFO] - mr_veinminer: 1.1.0
[20:53:48] [modloading-worker-0/INFO] - naturalist: 5.0pre3
[20:53:48] [modloading-worker-0/INFO] - naturescompass: 1.20.1-1.11.2-forge
[20:53:48] [modloading-worker-0/INFO] - neat: 1.20.1-41-FORGE
[20:53:48] [modloading-worker-0/INFO] - nullscape: 1.2.8
[20:53:48] [modloading-worker-0/INFO] - nyfsspiders: 2.1.1
[20:53:48] [modloading-worker-0/INFO] - pehkui: 3.8.2+1.20.1-forge
[20:53:48] [modloading-worker-0/INFO] - playeranimator: 1.0.2-rc1+1.20
[20:53:48] [modloading-worker-0/INFO] - ponder: 1.0.52
[20:53:48] [modloading-worker-0/INFO] - prism: 1.0.5
[20:53:48] [modloading-worker-0/INFO] - puzzlesaccessapi: 20.1.1
[20:53:48] [modloading-worker-0/INFO] - puzzlesapi: 8.1.6
[20:53:48] [modloading-worker-0/INFO] - puzzleslib: 8.1.32
[20:53:48] [modloading-worker-0/INFO] - radiantgear: 2.2.0+1.20.1
[20:53:48] [modloading-worker-0/INFO] - resourcefulconfig: 2.1.3
[20:53:48] [modloading-worker-0/INFO] - resourcefullib: 2.1.29
[20:53:48] [modloading-worker-0/INFO] - rightclickharvest: 4.5.3+1.20.1
[20:53:48] [modloading-worker-0/INFO] - roughlyenoughitems: 12.1.785
[20:53:48] [modloading-worker-0/INFO] - sawmill: 1.20-1.4.6
[20:53:48] [modloading-worker-0/INFO] - shulkerboxtooltip: 4.0.4+1.20.1
[20:53:48] [modloading-worker-0/INFO] - snowrealmagic: 10.6.2
[20:53:48] [modloading-worker-0/INFO] - soul_fire_d: 4.0.11
[20:53:48] [modloading-worker-0/INFO] - sound_physics_remastered: 1.20.1-1.4.13
[20:53:48] [modloading-worker-0/INFO] - spectrelib: 0.13.15+1.20.1
[20:53:48] [modloading-worker-0/INFO] - supermartijn642configlib: 1.1.8
[20:53:48] [modloading-worker-0/INFO] - supplementaries: 1.20-3.1.29
[20:53:48] [modloading-worker-0/INFO] - t_and_t: 0.0NONE
[20:53:48] [modloading-worker-0/INFO] - tacz: 1.1.5
[20:53:48] [modloading-worker-0/INFO] - terralith: 2.5.4
[20:53:48] [modloading-worker-0/INFO] - toms_storage: 1.7.1
[20:53:48] [modloading-worker-0/INFO] - travelersbackpack: 9.1.38
[20:53:48] [modloading-worker-0/INFO] - universalbonemeal: 8.0.1
[20:53:48] [modloading-worker-0/INFO] - visuality: 2.0.2
[20:53:48] [modloading-worker-0/INFO] - voicechat: 1.20.1-2.5.30
[20:53:48] [modloading-worker-0/INFO] - wardrobe: 1.0.3.1
[20:53:48] [modloading-worker-0/INFO] - watut: 1.20.1-1.2.3
[20:53:48] [modloading-worker-0/INFO] - waystones: 14.1.13
[20:53:48] [modloading-worker-0/INFO] - xaerominimap: 25.2.6
[20:53:48] [modloading-worker-0/INFO] - xaeroworldmap: 1.39.9
[20:53:48] [modloading-worker-0/INFO] - yungsapi: 1.20-Forge-4.0.6
[20:53:48] [modloading-worker-0/INFO] - yungsbridges: 1.20-Forge-4.0.3
[20:53:48] [modloading-worker-0/INFO] - yungsextras: 1.20-Forge-4.0.3
[20:53:48] [modloading-worker-0/INFO] ========================================
[20:53:49] [modloading-worker-0/INFO] [REI] Registered plugin provider DefaultPluginImpl [roughlyenoughitems] for REIServerPlugin
[20:53:49] [modloading-worker-0/INFO] [REI] Registered plugin provider DefaultPluginImpl [roughlyenoughitems] for REIPlugin
[20:53:49] [modloading-worker-0/INFO] [REI] Registered plugin provider DefaultRuntimePlugin [roughlyenoughitems] for REIServerPlugin
[20:53:49] [modloading-worker-0/INFO] [REI] Registered plugin provider DefaultRuntimePlugin [roughlyenoughitems] for REIPlugin
[20:54:10] [Worker-Main-1/DEBUG] [REI] Processed 3 tags in 589.1 μs for minecraft:point_of_interest_type
[20:54:10] [Worker-Main-2/DEBUG] [REI] Processed 1 tags in 7.844 μs for minecraft:potion
[20:54:10] [Worker-Main-1/DEBUG] [REI] Processed 8 tags in 85.64 μs for minecraft:banner_pattern
[20:54:10] [Worker-Main-2/DEBUG] [REI] Processed 0 tags in 5.941 μs for minecraft:worldgen/world_preset
[20:54:10] [Worker-Main-1/DEBUG] [REI] Processed 3 tags in 25.22 μs for minecraft:instrument
[20:54:10] [Worker-Main-1/DEBUG] [REI] Processed 84 tags in 578.9 μs for minecraft:entity_type
[20:54:10] [Worker-Main-1/DEBUG] [REI] Processed 2 tags in 22.31 μs for create:contraption_type
[20:54:10] [Worker-Main-1/DEBUG] [REI] Processed 2 tags in 25.54 μs for minecraft:cat_variant
[20:54:10] [Worker-Main-1/DEBUG] [REI] Processed 0 tags in 17.17 μs for minecraft:damage_type
[20:54:10] [Worker-Main-1/DEBUG] [REI] Processed 0 tags in 5.359 μs for moonlight:soft_fluids
[20:54:10] [Worker-Main-1/DEBUG] [REI] Processed 2 tags in 18.17 μs for create:mounted_item_storage_type
[20:54:10] [Worker-Main-2/DEBUG] [REI] Processed 0 tags in 209.7 μs for minecraft:worldgen/biome
[20:54:10] [Worker-Main-2/DEBUG] [REI] Processed 0 tags in 856.1 μs for minecraft:worldgen/structure
[20:54:10] [Worker-Main-2/DEBUG] [REI] Processed 1 tags in 28.84 μs for minecraft:recipe_type
[20:54:10] [Worker-Main-2/DEBUG] [REI] Processed 0 tags in 4.739 μs for minecraft:worldgen/structure_set
[20:54:10] [Worker-Main-2/DEBUG] [REI] Processed 0 tags in 3.797 μs for minecraft:worldgen/flat_level_generator_preset
[20:54:10] [Worker-Main-2/DEBUG] [REI] Processed 10 tags in 53.23 μs for minecraft:enchantment
[20:54:10] [Worker-Main-2/DEBUG] [REI] Processed 2 tags in 16.76 μs for minecraft:mob_effect
[20:54:10] [Worker-Main-2/DEBUG] [REI] Processed 5 tags in 203.4 μs for minecraft:game_event
[20:54:10] [Worker-Main-2/DEBUG] [REI] Processed 1 tags in 5.561 μs for minecraft:recipe_serializer
[20:54:10] [Worker-Main-2/DEBUG] [REI] Processed 1 tags in 23.25 μs for minecraft:painting_variant
[20:54:10] [Worker-Main-3/DEBUG] [REI] Processed 816 tags in 5.251 ms for minecraft:item
[20:54:10] [Worker-Main-2/DEBUG] [REI] Processed 12 tags in 25.71 μs for minecraft:fluid
[20:54:10] [Worker-Main-1/DEBUG] [REI] Processed 610 tags in 3.681 ms for minecraft:block
[20:54:13] [main/DEBUG] [REI] Starting Reload Plugins of stage null
java.lang.Throwable
	at TRANSFORMER/roughlyenoughitems@12.1.785/me.shedaniel.rei.impl.common.plugins.ReloadManagerImpl.reloadPlugins(ReloadManagerImpl.java:110)
	at TRANSFORMER/roughlyenoughitems@12.1.785/me.shedaniel.rei.RoughlyEnoughItemsCore.lambda$onInitialize$5(RoughlyEnoughItemsCore.java:163)
	at java.base/java.util.concurrent.CompletableFuture$UniRun.tryFire(CompletableFuture.java:787)
	at java.base/java.util.concurrent.CompletableFuture$Completion.run(CompletableFuture.java:482)
	at TRANSFORMER/minecraft@1.20.1/net.minecraft.server.packs.resources.SimpleReloadInstance.m_143940_(SimpleReloadInstance.java:69)
	at TRANSFORMER/minecraft@1.20.1/net.minecraft.Util.m_214652_(Util.java:783)
	at TRANSFORMER/minecraft@1.20.1/net.minecraft.Util.m_214679_(Util.java:772)
	at TRANSFORMER/minecraft@1.20.1/net.minecraft.server.Main.main(Main.java:166)
	at java.base/jdk.internal.reflect.NativeMethodAccessorImpl.invoke0(Native Method)
	at java.base/jdk.internal.reflect.NativeMethodAccessorImpl.invoke(NativeMethodAccessorImpl.java:77)
	at java.base/jdk.internal.reflect.DelegatingMethodAccessorImpl.invoke(DelegatingMethodAccessorImpl.java:43)
	at java.base/java.lang.reflect.Method.invoke(Method.java:569)
	at MC-BOOTSTRAP/fmlloader@1.20.1-47.4.1/net.minecraftforge.fml.loading.targets.CommonLaunchHandler.runTarget(CommonLaunchHandler.java:111)
	at MC-BOOTSTRAP/fmlloader@1.20.1-47.4.1/net.minecraftforge.fml.loading.targets.CommonLaunchHandler.serverService(CommonLaunchHandler.java:103)
	at MC-BOOTSTRAP/fmlloader@1.20.1-47.4.1/net.minecraftforge.fml.loading.targets.CommonServerLaunchHandler.lambda$makeService$0(CommonServerLaunchHandler.java:27)
	at MC-BOOTSTRAP/cpw.mods.modlauncher@10.0.9/cpw.mods.modlauncher.LaunchServiceHandlerDecorator.launch(LaunchServiceHandlerDecorator.java:30)
	at MC-BOOTSTRAP/cpw.mods.modlauncher@10.0.9/cpw.mods.modlauncher.LaunchServiceHandler.launch(LaunchServiceHandler.java:53)
	at MC-BOOTSTRAP/cpw.mods.modlauncher@10.0.9/cpw.mods.modlauncher.LaunchServiceHandler.launch(LaunchServiceHandler.java:71)
	at MC-BOOTSTRAP/cpw.mods.modlauncher@10.0.9/cpw.mods.modlauncher.Launcher.run(Launcher.java:108)
	at MC-BOOTSTRAP/cpw.mods.modlauncher@10.0.9/cpw.mods.modlauncher.Launcher.main(Launcher.java:78)
	at MC-BOOTSTRAP/cpw.mods.modlauncher@10.0.9/cpw.mods.modlauncher.BootstrapLaunchConsumer.accept(BootstrapLaunchConsumer.java:26)
	at MC-BOOTSTRAP/cpw.mods.modlauncher@10.0.9/cpw.mods.modlauncher.BootstrapLaunchConsumer.accept(BootstrapLaunchConsumer.java:23)
	at cpw.mods.bootstraplauncher@1.1.2/cpw.mods.bootstraplauncher.BootstrapLauncher.main(BootstrapLauncher.java:141)
[20:54:13] [main/DEBUG] [REI] ========================================
[20:54:13] [main/DEBUG] [REI] REIPlugin starting pre-reload for START.
[20:54:13] [main/DEBUG] [REI] Reloadables (7):
[20:54:13] [main/DEBUG] [REI]  - EntryTypeRegistryImpl
[20:54:13] [main/DEBUG] [REI]  - EntrySettingsAdapterRegistryImpl
[20:54:13] [main/DEBUG] [REI]  - RecipeManagerContextImpl
[20:54:13] [main/DEBUG] [REI]  - ItemComparatorRegistryImpl
[20:54:13] [main/DEBUG] [REI]  - FluidComparatorRegistryImpl
[20:54:13] [main/DEBUG] [REI]  - DisplaySerializerRegistryImpl
[20:54:13] [main/DEBUG] [REI]  - FluidSupportProviderImpl
[20:54:13] [main/DEBUG] [REI] Plugins (2):
[20:54:13] [main/DEBUG] [REI]  - (-100.00) DefaultPluginImpl of DefaultPluginImpl [roughlyenoughitems]
[20:54:13] [main/DEBUG] [REI]  - (0.00) DefaultRuntimePlugin of DefaultRuntimePlugin [roughlyenoughitems]
[20:54:13] [main/DEBUG] [REI] ========================================
[20:54:13] [main/TRACE] [REI] [REIPlugin START] Reloading Section: "pre-register/"
[20:54:13] [main/TRACE] [REI] [REIPlugin START] Reloading Section: "pre-register/DefaultPluginImpl of DefaultPluginImpl [roughlyenoughitems]/"
[20:54:13] [main/TRACE] [REI] [REIPlugin START] Reloading Section: "pre-register/DefaultPluginImpl of DefaultPluginImpl [roughlyenoughitems]/" done in 1.031 ms
[20:54:13] [main/TRACE] [REI] [REIPlugin START] Reloading Section: "pre-register/DefaultRuntimePlugin of DefaultRuntimePlugin [roughlyenoughitems]/"
[20:54:13] [main/TRACE] [REI] [REIPlugin START] Reloading Section: "pre-register/DefaultRuntimePlugin of DefaultRuntimePlugin [roughlyenoughitems]/" done in 49.81 μs
[20:54:13] [main/TRACE] [REI] [REIPlugin START] Reloading Section: "pre-register/" done in 13.88 ms
[20:54:13] [main/TRACE] [REI] [REIPlugin START] Reloading Section: "pre-stage/"
[20:54:13] [main/TRACE] [REI] [REIPlugin START] Reloading Section: "pre-stage/EntryTypeRegistryImpl/"
[20:54:13] [main/TRACE] [REI] [REIPlugin START] Reloading Section: "pre-stage/EntryTypeRegistryImpl/" done in 274.0 μs
[20:54:13] [main/TRACE] [REI] [REIPlugin START] Reloading Section: "pre-stage/EntrySettingsAdapterRegistryImpl/"
[20:54:13] [main/TRACE] [REI] [REIPlugin START] Reloading Section: "pre-stage/EntrySettingsAdapterRegistryImpl/" done in 44.13 μs
[20:54:13] [main/TRACE] [REI] [REIPlugin START] Reloading Section: "pre-stage/RecipeManagerContextImpl/"
[20:54:13] [main/TRACE] [REI] [REIPlugin START] Reloading Section: "pre-stage/RecipeManagerContextImpl/" done in 37.85 μs
[20:54:13] [main/TRACE] [REI] [REIPlugin START] Reloading Section: "pre-stage/ItemComparatorRegistryImpl/"
[20:54:13] [main/TRACE] [REI] [REIPlugin START] Reloading Section: "pre-stage/ItemComparatorRegistryImpl/" done in 46.69 μs
[20:54:13] [main/TRACE] [REI] [REIPlugin START] Reloading Section: "pre-stage/FluidComparatorRegistryImpl/"
[20:54:13] [main/TRACE] [REI] [REIPlugin START] Reloading Section: "pre-stage/FluidComparatorRegistryImpl/" done in 39.93 μs
[20:54:13] [main/TRACE] [REI] [REIPlugin START] Reloading Section: "pre-stage/DisplaySerializerRegistryImpl/"
[20:54:13] [main/TRACE] [REI] [REIPlugin START] Reloading Section: "pre-stage/DisplaySerializerRegistryImpl/" done in 44.86 μs
[20:54:13] [main/TRACE] [REI] [REIPlugin START] Reloading Section: "pre-stage/FluidSupportProviderImpl/"
[20:54:13] [main/TRACE] [REI] [REIPlugin START] Reloading Section: "pre-stage/FluidSupportProviderImpl/" done in 45.30 μs
[20:54:13] [main/TRACE] [REI] [REIPlugin START] Reloading Section: "pre-stage/" done in 1.239 ms
[20:54:13] [main/DEBUG] [REI] ========================================
[20:54:13] [main/DEBUG] [REI] REIPlugin finished pre-reload for START in 15.63 ms.
[20:54:13] [main/DEBUG] [REI] ========================================
[20:54:13] [main/DEBUG] [REI] ========================================
[20:54:13] [main/DEBUG] [REI] REIServerPlugin starting pre-reload for START.
[20:54:13] [main/DEBUG] [REI] Reloadables (2):
[20:54:13] [main/DEBUG] [REI]  - MenuInfoRegistryImpl
[20:54:13] [main/DEBUG] [REI]  - SlotAccessorRegistryImpl
[20:54:13] [main/DEBUG] [REI] Plugins (2):
[20:54:13] [main/DEBUG] [REI]  - (-100.00) DefaultPluginImpl of DefaultPluginImpl [roughlyenoughitems]
[20:54:13] [main/DEBUG] [REI]  - (0.00) DefaultRuntimePlugin of DefaultRuntimePlugin [roughlyenoughitems]
[20:54:13] [main/DEBUG] [REI] ========================================
[20:54:13] [main/TRACE] [REI] [REIServerPlugin START] Reloading Section: "pre-register/"
[20:54:13] [main/TRACE] [REI] [REIServerPlugin START] Reloading Section: "pre-register/DefaultPluginImpl of DefaultPluginImpl [roughlyenoughitems]/"
[20:54:13] [main/TRACE] [REI] [REIServerPlugin START] Reloading Section: "pre-register/DefaultPluginImpl of DefaultPluginImpl [roughlyenoughitems]/" done in 46.80 μs
[20:54:13] [main/TRACE] [REI] [REIServerPlugin START] Reloading Section: "pre-register/DefaultRuntimePlugin of DefaultRuntimePlugin [roughlyenoughitems]/"
[20:54:13] [main/TRACE] [REI] [REIServerPlugin START] Reloading Section: "pre-register/DefaultRuntimePlugin of DefaultRuntimePlugin [roughlyenoughitems]/" done in 37.67 μs
[20:54:13] [main/TRACE] [REI] [REIServerPlugin START] Reloading Section: "pre-register/" done in 271.2 μs
[20:54:13] [main/TRACE] [REI] [REIServerPlugin START] Reloading Section: "pre-stage/"
[20:54:13] [main/TRACE] [REI] [REIServerPlugin START] Reloading Section: "pre-stage/MenuInfoRegistryImpl/"
[20:54:13] [main/TRACE] [REI] [REIServerPlugin START] Reloading Section: "pre-stage/MenuInfoRegistryImpl/" done in 35.22 μs
[20:54:13] [main/TRACE] [REI] [REIServerPlugin START] Reloading Section: "pre-stage/SlotAccessorRegistryImpl/"
[20:54:13] [main/TRACE] [REI] [REIServerPlugin START] Reloading Section: "pre-stage/SlotAccessorRegistryImpl/" done in 34.07 μs
[20:54:13] [main/TRACE] [REI] [REIServerPlugin START] Reloading Section: "pre-stage/" done in 244.0 μs
[20:54:13] [main/DEBUG] [REI] ========================================
[20:54:13] [main/DEBUG] [REI] REIServerPlugin finished pre-reload for START in 646.0 μs.
[20:54:13] [main/DEBUG] [REI] ========================================
[20:54:13] [main/INFO] [REI] OOOOOOOOOOOOOOOOOOOOOOOOOOOOOOOOOOOOOOOO
[20:54:13] [main/INFO] [REI] REIPlugin starting main-reload for START.
[20:54:13] [main/DEBUG] [REI] Reloadables (7):
[20:54:13] [main/DEBUG] [REI]  - EntryTypeRegistryImpl
[20:54:13] [main/DEBUG] [REI]  - EntrySettingsAdapterRegistryImpl
[20:54:13] [main/DEBUG] [REI]  - RecipeManagerContextImpl
[20:54:13] [main/DEBUG] [REI]  - ItemComparatorRegistryImpl
[20:54:13] [main/DEBUG] [REI]  - FluidComparatorRegistryImpl
[20:54:13] [main/DEBUG] [REI]  - DisplaySerializerRegistryImpl
[20:54:13] [main/DEBUG] [REI]  - FluidSupportProviderImpl
[20:54:13] [main/INFO] [REI] Plugins (2):
[20:54:13] [main/INFO] [REI]  - (-100.00) DefaultPluginImpl of DefaultPluginImpl [roughlyenoughitems]
[20:54:13] [main/INFO] [REI]  - (0.00) DefaultRuntimePlugin of DefaultRuntimePlugin [roughlyenoughitems]
[20:54:13] [main/INFO] [REI] OOOOOOOOOOOOOOOOOOOOOOOOOOOOOOOOOOOOOOOO
[20:54:13] [main/TRACE] [REI] [REIPlugin START] Reloading Section: "start-reload/"
[20:54:13] [main/TRACE] [REI] [REIPlugin START] Reloading Section: "start-reload/EntryTypeRegistryImpl/"
[20:54:13] [main/TRACE] [REI] [REIPlugin START] Reloading Section: "start-reload/EntryTypeRegistryImpl/" done in 78.36 μs
[20:54:13] [main/TRACE] [REI] [REIPlugin START] Reloading Section: "start-reload/EntrySettingsAdapterRegistryImpl/"
[20:54:13] [main/TRACE] [REI] [REIPlugin START] Reloading Section: "start-reload/EntrySettingsAdapterRegistryImpl/" done in 224.3 μs
[20:54:13] [main/TRACE] [REI] [REIPlugin START] Reloading Section: "start-reload/RecipeManagerContextImpl/"
[20:54:13] [main/TRACE] [REI] [REIPlugin START] Reloading Section: "start-reload/RecipeManagerContextImpl/" done in 46.61 μs
[20:54:13] [main/TRACE] [REI] [REIPlugin START] Reloading Section: "start-reload/ItemComparatorRegistryImpl/"
[20:54:13] [main/TRACE] [REI] [REIPlugin START] Reloading Section: "start-reload/ItemComparatorRegistryImpl/" done in 66.93 μs
[20:54:13] [main/TRACE] [REI] [REIPlugin START] Reloading Section: "start-reload/FluidComparatorRegistryImpl/"
[20:54:13] [main/TRACE] [REI] [REIPlugin START] Reloading Section: "start-reload/FluidComparatorRegistryImpl/" done in 55.74 μs
[20:54:13] [main/TRACE] [REI] [REIPlugin START] Reloading Section: "start-reload/DisplaySerializerRegistryImpl/"
[20:54:13] [main/TRACE] [REI] [REIPlugin START] Reloading Section: "start-reload/DisplaySerializerRegistryImpl/" done in 48.73 μs
[20:54:13] [main/TRACE] [REI] [REIPlugin START] Reloading Section: "start-reload/FluidSupportProviderImpl/"
[20:54:13] [main/TRACE] [REI] [REIPlugin START] Reloading Section: "start-reload/FluidSupportProviderImpl/" done in 56.43 μs
[20:54:13] [main/TRACE] [REI] [REIPlugin START] Reloading Section: "start-reload/" done in 1.666 ms
[20:54:13] [main/DEBUG] [REI] ========================================
[20:54:13] [main/DEBUG] [REI] REIPlugin started main-reload for START.
[20:54:13] [main/DEBUG] [REI] ========================================
[20:54:13] [main/TRACE] [REI] [REIPlugin START] Reloading Section: "reloadable-plugin/EntryTypeRegistryImpl/"
[20:54:13] [main/TRACE] [REI] [REIPlugin START] Reloading Section: "reloadable-plugin/EntryTypeRegistryImpl/DefaultPluginImpl of DefaultPluginImpl [roughlyenoughitems]/"
[20:54:13] [main/TRACE] [REI] [REIPlugin START] Reloading Section: "reloadable-plugin/EntryTypeRegistryImpl/DefaultPluginImpl of DefaultPluginImpl [roughlyenoughitems]/" done in 1.038 ms
[20:54:13] [main/TRACE] [REI] [REIPlugin START] Reloading Section: "reloadable-plugin/EntryTypeRegistryImpl/DefaultRuntimePlugin of DefaultRuntimePlugin [roughlyenoughitems]/"
[20:54:13] [main/TRACE] [REI] [REIPlugin START] Reloading Section: "reloadable-plugin/EntryTypeRegistryImpl/DefaultRuntimePlugin of DefaultRuntimePlugin [roughlyenoughitems]/" done in 10.55 ms
[20:54:13] [main/TRACE] [REI] [REIPlugin START] Reloading Section: "reloadable-plugin/EntryTypeRegistryImpl/" done in 13.90 ms
[20:54:13] [main/TRACE] [REI] [REIPlugin START] Reloading Section: "reloadable-plugin/EntrySettingsAdapterRegistryImpl/"
[20:54:13] [main/TRACE] [REI] [REIPlugin START] Reloading Section: "reloadable-plugin/EntrySettingsAdapterRegistryImpl/DefaultPluginImpl of DefaultPluginImpl [roughlyenoughitems]/"
[20:54:13] [main/TRACE] [REI] [REIPlugin START] Reloading Section: "reloadable-plugin/EntrySettingsAdapterRegistryImpl/DefaultPluginImpl of DefaultPluginImpl [roughlyenoughitems]/" done in 47.71 μs
[20:54:13] [main/TRACE] [REI] [REIPlugin START] Reloading Section: "reloadable-plugin/EntrySettingsAdapterRegistryImpl/DefaultRuntimePlugin of DefaultRuntimePlugin [roughlyenoughitems]/"
[20:54:13] [main/TRACE] [REI] [REIPlugin START] Reloading Section: "reloadable-plugin/EntrySettingsAdapterRegistryImpl/DefaultRuntimePlugin of DefaultRuntimePlugin [roughlyenoughitems]/" done in 46.73 μs
[20:54:13] [main/TRACE] [REI] [REIPlugin START] Reloading Section: "reloadable-plugin/EntrySettingsAdapterRegistryImpl/" done in 327.3 μs
[20:54:13] [main/TRACE] [REI] [REIPlugin START] Reloading Section: "reloadable-plugin/RecipeManagerContextImpl/"
[20:54:13] [main/TRACE] [REI] [REIPlugin START] Reloading Section: "reloadable-plugin/RecipeManagerContextImpl/DefaultPluginImpl of DefaultPluginImpl [roughlyenoughitems]/"
[20:54:13] [main/TRACE] [REI] [REIPlugin START] Reloading Section: "reloadable-plugin/RecipeManagerContextImpl/DefaultPluginImpl of DefaultPluginImpl [roughlyenoughitems]/" done in 38.30 μs
[20:54:13] [main/TRACE] [REI] [REIPlugin START] Reloading Section: "reloadable-plugin/RecipeManagerContextImpl/DefaultRuntimePlugin of DefaultRuntimePlugin [roughlyenoughitems]/"
[20:54:13] [main/TRACE] [REI] [REIPlugin START] Reloading Section: "reloadable-plugin/RecipeManagerContextImpl/DefaultRuntimePlugin of DefaultRuntimePlugin [roughlyenoughitems]/" done in 38.87 μs
[20:54:13] [main/TRACE] [REI] [REIPlugin START] Reloading Section: "reloadable-plugin/RecipeManagerContextImpl/" done in 261.1 μs
[20:54:13] [main/TRACE] [REI] [REIPlugin START] Reloading Section: "reloadable-plugin/ItemComparatorRegistryImpl/"
[20:54:13] [main/TRACE] [REI] [REIPlugin START] Reloading Section: "reloadable-plugin/ItemComparatorRegistryImpl/DefaultPluginImpl of DefaultPluginImpl [roughlyenoughitems]/"
[20:54:13] [main/TRACE] [REI] [REIPlugin START] Reloading Section: "reloadable-plugin/ItemComparatorRegistryImpl/DefaultPluginImpl of DefaultPluginImpl [roughlyenoughitems]/" done in 977.8 μs
[20:54:13] [main/TRACE] [REI] [REIPlugin START] Reloading Section: "reloadable-plugin/ItemComparatorRegistryImpl/DefaultRuntimePlugin of DefaultRuntimePlugin [roughlyenoughitems]/"
[20:54:13] [main/TRACE] [REI] [REIPlugin START] Reloading Section: "reloadable-plugin/ItemComparatorRegistryImpl/DefaultRuntimePlugin of DefaultRuntimePlugin [roughlyenoughitems]/" done in 46.47 μs
[20:54:13] [main/TRACE] [REI] [REIPlugin START] Reloading Section: "reloadable-plugin/ItemComparatorRegistryImpl/" done in 1.245 ms
[20:54:13] [main/TRACE] [REI] [REIPlugin START] Reloading Section: "reloadable-plugin/FluidComparatorRegistryImpl/"
[20:54:13] [main/TRACE] [REI] [REIPlugin START] Reloading Section: "reloadable-plugin/FluidComparatorRegistryImpl/DefaultPluginImpl of DefaultPluginImpl [roughlyenoughitems]/"
[20:54:13] [main/TRACE] [REI] [REIPlugin START] Reloading Section: "reloadable-plugin/FluidComparatorRegistryImpl/DefaultPluginImpl of DefaultPluginImpl [roughlyenoughitems]/" done in 44.49 μs
[20:54:13] [main/TRACE] [REI] [REIPlugin START] Reloading Section: "reloadable-plugin/FluidComparatorRegistryImpl/DefaultRuntimePlugin of DefaultRuntimePlugin [roughlyenoughitems]/"
[20:54:13] [main/TRACE] [REI] [REIPlugin START] Reloading Section: "reloadable-plugin/FluidComparatorRegistryImpl/DefaultRuntimePlugin of DefaultRuntimePlugin [roughlyenoughitems]/" done in 49.24 μs
[20:54:13] [main/TRACE] [REI] [REIPlugin START] Reloading Section: "reloadable-plugin/FluidComparatorRegistryImpl/" done in 317.8 μs
[20:54:13] [main/TRACE] [REI] [REIPlugin START] Reloading Section: "reloadable-plugin/DisplaySerializerRegistryImpl/"
[20:54:13] [main/TRACE] [REI] [REIPlugin START] Reloading Section: "reloadable-plugin/DisplaySerializerRegistryImpl/DefaultPluginImpl of DefaultPluginImpl [roughlyenoughitems]/"
[20:54:13] [main/TRACE] [REI] [REIPlugin START] Reloading Section: "reloadable-plugin/DisplaySerializerRegistryImpl/DefaultPluginImpl of DefaultPluginImpl [roughlyenoughitems]/" done in 36.17 μs
[20:54:13] [main/TRACE] [REI] [REIPlugin START] Reloading Section: "reloadable-plugin/DisplaySerializerRegistryImpl/DefaultRuntimePlugin of DefaultRuntimePlugin [roughlyenoughitems]/"
[20:54:13] [main/TRACE] [REI] [REIPlugin START] Reloading Section: "reloadable-plugin/DisplaySerializerRegistryImpl/DefaultRuntimePlugin of DefaultRuntimePlugin [roughlyenoughitems]/" done in 38.72 μs
[20:54:13] [main/TRACE] [REI] [REIPlugin START] Reloading Section: "reloadable-plugin/DisplaySerializerRegistryImpl/" done in 266.6 μs
[20:54:13] [main/TRACE] [REI] [REIPlugin START] Reloading Section: "reloadable-plugin/FluidSupportProviderImpl/"
[20:54:13] [main/TRACE] [REI] [REIPlugin START] Reloading Section: "reloadable-plugin/FluidSupportProviderImpl/DefaultPluginImpl of DefaultPluginImpl [roughlyenoughitems]/"
[20:54:13] [main/TRACE] [REI] [REIPlugin START] Reloading Section: "reloadable-plugin/FluidSupportProviderImpl/DefaultPluginImpl of DefaultPluginImpl [roughlyenoughitems]/" done in 489.4 μs
[20:54:13] [main/TRACE] [REI] [REIPlugin START] Reloading Section: "reloadable-plugin/FluidSupportProviderImpl/DefaultRuntimePlugin of DefaultRuntimePlugin [roughlyenoughitems]/"
[20:54:13] [main/TRACE] [REI] [REIPlugin START] Reloading Section: "reloadable-plugin/FluidSupportProviderImpl/DefaultRuntimePlugin of DefaultRuntimePlugin [roughlyenoughitems]/" done in 51.12 μs
[20:54:13] [main/TRACE] [REI] [REIPlugin START] Reloading Section: "reloadable-plugin/FluidSupportProviderImpl/" done in 764.0 μs
[20:54:13] [main/DEBUG] [REI] ========================================
[20:54:13] [main/DEBUG] [REI] REIPlugin ending main-reload for START.
[20:54:13] [main/DEBUG] [REI] ========================================
[20:54:13] [main/TRACE] [REI] [REIPlugin START] Reloading Section: "end-reload/"
[20:54:13] [main/TRACE] [REI] [REIPlugin START] Reloading Section: "end-reload/EntryTypeRegistryImpl/"
[20:54:13] [main/TRACE] [REI] [REIPlugin START] Reloading Section: "end-reload/EntryTypeRegistryImpl/" done in 41.54 μs
[20:54:13] [main/TRACE] [REI] [REIPlugin START] Reloading Section: "end-reload/EntrySettingsAdapterRegistryImpl/"
[20:54:13] [main/TRACE] [REI] [REIPlugin START] Reloading Section: "end-reload/EntrySettingsAdapterRegistryImpl/" done in 32.61 μs
[20:54:13] [main/TRACE] [REI] [REIPlugin START] Reloading Section: "end-reload/RecipeManagerContextImpl/"
[20:54:13] [main/TRACE] [REI] [REIPlugin START] Reloading Section: "end-reload/RecipeManagerContextImpl/" done in 31.19 μs
[20:54:13] [main/TRACE] [REI] [REIPlugin START] Reloading Section: "end-reload/ItemComparatorRegistryImpl/"
[20:54:13] [main/TRACE] [REI] [REIPlugin START] Reloading Section: "end-reload/ItemComparatorRegistryImpl/" done in 27.32 μs
[20:54:13] [main/TRACE] [REI] [REIPlugin START] Reloading Section: "end-reload/FluidComparatorRegistryImpl/"
[20:54:13] [main/TRACE] [REI] [REIPlugin START] Reloading Section: "end-reload/FluidComparatorRegistryImpl/" done in 32.73 μs
[20:54:13] [main/TRACE] [REI] [REIPlugin START] Reloading Section: "end-reload/DisplaySerializerRegistryImpl/"
[20:54:13] [main/TRACE] [REI] [REIPlugin START] Reloading Section: "end-reload/DisplaySerializerRegistryImpl/" done in 36.54 μs
[20:54:13] [main/TRACE] [REI] [REIPlugin START] Reloading Section: "end-reload/FluidSupportProviderImpl/"
[20:54:13] [main/TRACE] [REI] [REIPlugin START] Reloading Section: "end-reload/FluidSupportProviderImpl/" done in 34.61 μs
[20:54:13] [main/TRACE] [REI] [REIPlugin START] Reloading Section: "end-reload/" done in 772.4 μs
[20:54:13] [main/DEBUG] [REI] ========================================
[20:54:13] [main/DEBUG] [REI] REIPlugin ended main-reload for START in 25.35 ms.
[20:54:13] [main/DEBUG] [REI] ========================================
[20:54:13] [main/INFO] [REI] ----------------------------------------
[20:54:13] [main/INFO] [REI] REIServerPlugin starting main-reload for START.
[20:54:13] [main/DEBUG] [REI] Reloadables (2):
[20:54:13] [main/DEBUG] [REI]  - MenuInfoRegistryImpl
[20:54:13] [main/DEBUG] [REI]  - SlotAccessorRegistryImpl
[20:54:13] [main/INFO] [REI] Plugins (2):
[20:54:13] [main/INFO] [REI]  - (-100.00) DefaultPluginImpl of DefaultPluginImpl [roughlyenoughitems]
[20:54:13] [main/INFO] [REI]  - (0.00) DefaultRuntimePlugin of DefaultRuntimePlugin [roughlyenoughitems]
[20:54:13] [main/INFO] [REI] ----------------------------------------
[20:54:13] [main/TRACE] [REI] [REIServerPlugin START] Reloading Section: "start-reload/"
[20:54:13] [main/TRACE] [REI] [REIServerPlugin START] Reloading Section: "start-reload/MenuInfoRegistryImpl/"
[20:54:13] [main/TRACE] [REI] [REIServerPlugin START] Reloading Section: "start-reload/MenuInfoRegistryImpl/" done in 39.48 μs
[20:54:13] [main/TRACE] [REI] [REIServerPlugin START] Reloading Section: "start-reload/SlotAccessorRegistryImpl/"
[20:54:13] [main/TRACE] [REI] [REIServerPlugin START] Reloading Section: "start-reload/SlotAccessorRegistryImpl/" done in 83.24 μs
[20:54:13] [main/TRACE] [REI] [REIServerPlugin START] Reloading Section: "start-reload/" done in 842.0 μs
[20:54:13] [main/DEBUG] [REI] ========================================
[20:54:13] [main/DEBUG] [REI] REIServerPlugin started main-reload for START.
[20:54:13] [main/DEBUG] [REI] ========================================
[20:54:13] [main/TRACE] [REI] [REIServerPlugin START] Reloading Section: "reloadable-plugin/MenuInfoRegistryImpl/"
[20:54:13] [main/TRACE] [REI] [REIServerPlugin START] Reloading Section: "reloadable-plugin/MenuInfoRegistryImpl/DefaultPluginImpl of DefaultPluginImpl [roughlyenoughitems]/"
[20:54:13] [main/TRACE] [REI] [REIServerPlugin START] Reloading Section: "reloadable-plugin/MenuInfoRegistryImpl/DefaultPluginImpl of DefaultPluginImpl [roughlyenoughitems]/" done in 42.74 μs
[20:54:13] [main/TRACE] [REI] [REIServerPlugin START] Reloading Section: "reloadable-plugin/MenuInfoRegistryImpl/DefaultRuntimePlugin of DefaultRuntimePlugin [roughlyenoughitems]/"
[20:54:13] [main/TRACE] [REI] [REIServerPlugin START] Reloading Section: "reloadable-plugin/MenuInfoRegistryImpl/DefaultRuntimePlugin of DefaultRuntimePlugin [roughlyenoughitems]/" done in 40.26 μs
[20:54:13] [main/TRACE] [REI] [REIServerPlugin START] Reloading Section: "reloadable-plugin/MenuInfoRegistryImpl/" done in 288.6 μs
[20:54:13] [main/TRACE] [REI] [REIServerPlugin START] Reloading Section: "reloadable-plugin/SlotAccessorRegistryImpl/"
[20:54:13] [main/TRACE] [REI] [REIServerPlugin START] Reloading Section: "reloadable-plugin/SlotAccessorRegistryImpl/DefaultPluginImpl of DefaultPluginImpl [roughlyenoughitems]/"
[20:54:13] [main/TRACE] [REI] [REIServerPlugin START] Reloading Section: "reloadable-plugin/SlotAccessorRegistryImpl/DefaultPluginImpl of DefaultPluginImpl [roughlyenoughitems]/" done in 39.13 μs
[20:54:13] [main/TRACE] [REI] [REIServerPlugin START] Reloading Section: "reloadable-plugin/SlotAccessorRegistryImpl/DefaultRuntimePlugin of DefaultRuntimePlugin [roughlyenoughitems]/"
[20:54:13] [main/TRACE] [REI] [REIServerPlugin START] Reloading Section: "reloadable-plugin/SlotAccessorRegistryImpl/DefaultRuntimePlugin of DefaultRuntimePlugin [roughlyenoughitems]/" done in 40.86 μs
[20:54:13] [main/TRACE] [REI] [REIServerPlugin START] Reloading Section: "reloadable-plugin/SlotAccessorRegistryImpl/" done in 273.7 μs
[20:54:13] [main/DEBUG] [REI] ========================================
[20:54:13] [main/DEBUG] [REI] REIServerPlugin ending main-reload for START.
[20:54:13] [main/DEBUG] [REI] ========================================
[20:54:13] [main/TRACE] [REI] [REIServerPlugin START] Reloading Section: "end-reload/"
[20:54:13] [main/TRACE] [REI] [REIServerPlugin START] Reloading Section: "end-reload/MenuInfoRegistryImpl/"
[20:54:13] [main/TRACE] [REI] [REIServerPlugin START] Reloading Section: "end-reload/MenuInfoRegistryImpl/" done in 34.57 μs
[20:54:13] [main/TRACE] [REI] [REIServerPlugin START] Reloading Section: "end-reload/SlotAccessorRegistryImpl/"
[20:54:13] [main/TRACE] [REI] [REIServerPlugin START] Reloading Section: "end-reload/SlotAccessorRegistryImpl/" done in 30.15 μs
[20:54:13] [main/TRACE] [REI] [REIServerPlugin START] Reloading Section: "end-reload/" done in 225.9 μs
[20:54:13] [main/DEBUG] [REI] ========================================
[20:54:13] [main/DEBUG] [REI] REIServerPlugin ended main-reload for START in 3.692 ms.
[20:54:13] [main/DEBUG] [REI] ========================================
[20:54:13] [main/DEBUG] [REI] ========================================
[20:54:13] [main/DEBUG] [REI] REIPlugin starting post-reload for START.
[20:54:13] [main/DEBUG] [REI] Reloadables (7):
[20:54:13] [main/DEBUG] [REI]  - EntryTypeRegistryImpl
[20:54:13] [main/DEBUG] [REI]  - EntrySettingsAdapterRegistryImpl
[20:54:13] [main/DEBUG] [REI]  - RecipeManagerContextImpl
[20:54:13] [main/DEBUG] [REI]  - ItemComparatorRegistryImpl
[20:54:13] [main/DEBUG] [REI]  - FluidComparatorRegistryImpl
[20:54:13] [main/DEBUG] [REI]  - DisplaySerializerRegistryImpl
[20:54:13] [main/DEBUG] [REI]  - FluidSupportProviderImpl
[20:54:13] [main/DEBUG] [REI] Plugins (2):
[20:54:13] [main/DEBUG] [REI]  - (-100.00) DefaultPluginImpl of DefaultPluginImpl [roughlyenoughitems]
[20:54:13] [main/DEBUG] [REI]  - (0.00) DefaultRuntimePlugin of DefaultRuntimePlugin [roughlyenoughitems]
[20:54:13] [main/DEBUG] [REI] ========================================
[20:54:13] [main/TRACE] [REI] [REIPlugin START] Reloading Section: "post-register/"
[20:54:13] [main/TRACE] [REI] [REIPlugin START] Reloading Section: "post-register/DefaultPluginImpl of DefaultPluginImpl [roughlyenoughitems]/"
[20:54:13] [main/TRACE] [REI] [REIPlugin START] Reloading Section: "post-register/DefaultPluginImpl of DefaultPluginImpl [roughlyenoughitems]/" done in 257.5 μs
[20:54:13] [main/TRACE] [REI] [REIPlugin START] Reloading Section: "post-register/DefaultRuntimePlugin of DefaultRuntimePlugin [roughlyenoughitems]/"
[20:54:13] [main/TRACE] [REI] [REIPlugin START] Reloading Section: "post-register/DefaultRuntimePlugin of DefaultRuntimePlugin [roughlyenoughitems]/" done in 45.91 μs
[20:54:13] [main/TRACE] [REI] [REIPlugin START] Reloading Section: "post-register/" done in 808.1 μs
[20:54:13] [main/TRACE] [REI] [REIPlugin START] Reloading Section: "post-stage/"
[20:54:13] [main/TRACE] [REI] [REIPlugin START] Reloading Section: "post-stage/EntryTypeRegistryImpl/"
[20:54:13] [main/TRACE] [REI] [REIPlugin START] Reloading Section: "post-stage/EntryTypeRegistryImpl/" done in 47.24 μs
[20:54:13] [main/TRACE] [REI] [REIPlugin START] Reloading Section: "post-stage/EntrySettingsAdapterRegistryImpl/"
[20:54:13] [main/TRACE] [REI] [REIPlugin START] Reloading Section: "post-stage/EntrySettingsAdapterRegistryImpl/" done in 31.97 μs
[20:54:13] [main/TRACE] [REI] [REIPlugin START] Reloading Section: "post-stage/RecipeManagerContextImpl/"
[20:54:13] [main/TRACE] [REI] [REIPlugin START] Reloading Section: "post-stage/RecipeManagerContextImpl/" done in 49.82 μs
[20:54:13] [main/TRACE] [REI] [REIPlugin START] Reloading Section: "post-stage/ItemComparatorRegistryImpl/"
[20:54:13] [main/TRACE] [REI] [REIPlugin START] Reloading Section: "post-stage/ItemComparatorRegistryImpl/" done in 55.81 μs
[20:54:13] [main/TRACE] [REI] [REIPlugin START] Reloading Section: "post-stage/FluidComparatorRegistryImpl/"
[20:54:13] [main/TRACE] [REI] [REIPlugin START] Reloading Section: "post-stage/FluidComparatorRegistryImpl/" done in 33.04 μs
[20:54:13] [main/TRACE] [REI] [REIPlugin START] Reloading Section: "post-stage/DisplaySerializerRegistryImpl/"
[20:54:13] [main/TRACE] [REI] [REIPlugin START] Reloading Section: "post-stage/DisplaySerializerRegistryImpl/" done in 28.02 μs
[20:54:13] [main/TRACE] [REI] [REIPlugin START] Reloading Section: "post-stage/FluidSupportProviderImpl/"
[20:54:13] [main/TRACE] [REI] [REIPlugin START] Reloading Section: "post-stage/FluidSupportProviderImpl/" done in 32.65 μs
[20:54:13] [main/TRACE] [REI] [REIPlugin START] Reloading Section: "post-stage/" done in 1.252 ms
[20:54:13] [main/DEBUG] [REI] ========================================
[20:54:13] [main/INFO] [REI] REIPlugin finished post-reload for START in 2.235 ms, totaling 43.16 ms.
[20:54:13] [main/DEBUG] [REI] ========================================
[20:54:13] [main/DEBUG] [REI] ========================================
[20:54:13] [main/DEBUG] [REI] REIServerPlugin starting post-reload for START.
[20:54:13] [main/DEBUG] [REI] Reloadables (2):
[20:54:13] [main/DEBUG] [REI]  - MenuInfoRegistryImpl
[20:54:13] [main/DEBUG] [REI]  - SlotAccessorRegistryImpl
[20:54:13] [main/DEBUG] [REI] Plugins (2):
[20:54:13] [main/DEBUG] [REI]  - (-100.00) DefaultPluginImpl of DefaultPluginImpl [roughlyenoughitems]
[20:54:13] [main/DEBUG] [REI]  - (0.00) DefaultRuntimePlugin of DefaultRuntimePlugin [roughlyenoughitems]
[20:54:13] [main/DEBUG] [REI] ========================================
[20:54:13] [main/TRACE] [REI] [REIServerPlugin START] Reloading Section: "post-register/"
[20:54:13] [main/TRACE] [REI] [REIServerPlugin START] Reloading Section: "post-register/DefaultPluginImpl of DefaultPluginImpl [roughlyenoughitems]/"
[20:54:13] [main/TRACE] [REI] [REIServerPlugin START] Reloading Section: "post-register/DefaultPluginImpl of DefaultPluginImpl [roughlyenoughitems]/" done in 31.22 μs
[20:54:13] [main/TRACE] [REI] [REIServerPlugin START] Reloading Section: "post-register/DefaultRuntimePlugin of DefaultRuntimePlugin [roughlyenoughitems]/"
[20:54:13] [main/TRACE] [REI] [REIServerPlugin START] Reloading Section: "post-register/DefaultRuntimePlugin of DefaultRuntimePlugin [roughlyenoughitems]/" done in 32.72 μs
[20:54:13] [main/TRACE] [REI] [REIServerPlugin START] Reloading Section: "post-register/" done in 229.8 μs
[20:54:13] [main/TRACE] [REI] [REIServerPlugin START] Reloading Section: "post-stage/"
[20:54:13] [main/TRACE] [REI] [REIServerPlugin START] Reloading Section: "post-stage/MenuInfoRegistryImpl/"
[20:54:13] [main/TRACE] [REI] [REIServerPlugin START] Reloading Section: "post-stage/MenuInfoRegistryImpl/" done in 24.70 μs
[20:54:13] [main/TRACE] [REI] [REIServerPlugin START] Reloading Section: "post-stage/SlotAccessorRegistryImpl/"
[20:54:13] [main/TRACE] [REI] [REIServerPlugin START] Reloading Section: "post-stage/SlotAccessorRegistryImpl/" done in 29.67 μs
[20:54:13] [main/TRACE] [REI] [REIServerPlugin START] Reloading Section: "post-stage/" done in 199.3 μs
[20:54:13] [main/DEBUG] [REI] ========================================
[20:54:13] [main/INFO] [REI] REIServerPlugin finished post-reload for START in 543.0 μs, totaling 4.831 ms.
[20:54:13] [main/DEBUG] [REI] ========================================
[20:54:13] [main/DEBUG] [REI] ========================================
[20:54:13] [main/DEBUG] [REI] REIPlugin starting pre-reload for END.
[20:54:13] [main/DEBUG] [REI] Reloadables (7):
[20:54:13] [main/DEBUG] [REI]  - EntryTypeRegistryImpl
[20:54:13] [main/DEBUG] [REI]  - EntrySettingsAdapterRegistryImpl
[20:54:13] [main/DEBUG] [REI]  - RecipeManagerContextImpl
[20:54:13] [main/DEBUG] [REI]  - ItemComparatorRegistryImpl
[20:54:13] [main/DEBUG] [REI]  - FluidComparatorRegistryImpl
[20:54:13] [main/DEBUG] [REI]  - DisplaySerializerRegistryImpl
[20:54:13] [main/DEBUG] [REI]  - FluidSupportProviderImpl
[20:54:13] [main/DEBUG] [REI] Plugins (2):
[20:54:13] [main/DEBUG] [REI]  - (-100.00) DefaultPluginImpl of DefaultPluginImpl [roughlyenoughitems]
[20:54:13] [main/DEBUG] [REI]  - (0.00) DefaultRuntimePlugin of DefaultRuntimePlugin [roughlyenoughitems]
[20:54:13] [main/DEBUG] [REI] ========================================
[20:54:13] [main/TRACE] [REI] [REIPlugin END] Reloading Section: "pre-register/"
[20:54:13] [main/TRACE] [REI] [REIPlugin END] Reloading Section: "pre-register/DefaultPluginImpl of DefaultPluginImpl [roughlyenoughitems]/"
[20:54:13] [main/TRACE] [REI] [REIPlugin END] Reloading Section: "pre-register/DefaultPluginImpl of DefaultPluginImpl [roughlyenoughitems]/" done in 42.77 μs
[20:54:13] [main/TRACE] [REI] [REIPlugin END] Reloading Section: "pre-register/DefaultRuntimePlugin of DefaultRuntimePlugin [roughlyenoughitems]/"
[20:54:13] [main/TRACE] [REI] [REIPlugin END] Reloading Section: "pre-register/DefaultRuntimePlugin of DefaultRuntimePlugin [roughlyenoughitems]/" done in 38.98 μs
[20:54:13] [main/TRACE] [REI] [REIPlugin END] Reloading Section: "pre-register/" done in 477.3 μs
[20:54:13] [main/TRACE] [REI] [REIPlugin END] Reloading Section: "pre-stage/"
[20:54:13] [main/TRACE] [REI] [REIPlugin END] Reloading Section: "pre-stage/EntryTypeRegistryImpl/"
[20:54:13] [main/TRACE] [REI] [REIPlugin END] Reloading Section: "pre-stage/EntryTypeRegistryImpl/" done in 213.9 μs
[20:54:13] [main/TRACE] [REI] [REIPlugin END] Reloading Section: "pre-stage/EntrySettingsAdapterRegistryImpl/"
[20:54:13] [main/TRACE] [REI] [REIPlugin END] Reloading Section: "pre-stage/EntrySettingsAdapterRegistryImpl/" done in 65.61 μs
[20:54:13] [main/TRACE] [REI] [REIPlugin END] Reloading Section: "pre-stage/RecipeManagerContextImpl/"
[20:54:13] [main/TRACE] [REI] [REIPlugin END] Reloading Section: "pre-stage/RecipeManagerContextImpl/" done in 37.06 μs
[20:54:13] [main/TRACE] [REI] [REIPlugin END] Reloading Section: "pre-stage/ItemComparatorRegistryImpl/"
[20:54:13] [main/TRACE] [REI] [REIPlugin END] Reloading Section: "pre-stage/ItemComparatorRegistryImpl/" done in 41.70 μs
[20:54:13] [main/TRACE] [REI] [REIPlugin END] Reloading Section: "pre-stage/FluidComparatorRegistryImpl/"
[20:54:13] [main/TRACE] [REI] [REIPlugin END] Reloading Section: "pre-stage/FluidComparatorRegistryImpl/" done in 41.39 μs
[20:54:13] [main/TRACE] [REI] [REIPlugin END] Reloading Section: "pre-stage/DisplaySerializerRegistryImpl/"
[20:54:13] [main/TRACE] [REI] [REIPlugin END] Reloading Section: "pre-stage/DisplaySerializerRegistryImpl/" done in 35.23 μs
[20:54:13] [main/TRACE] [REI] [REIPlugin END] Reloading Section: "pre-stage/FluidSupportProviderImpl/"
[20:54:13] [main/TRACE] [REI] [REIPlugin END] Reloading Section: "pre-stage/FluidSupportProviderImpl/" done in 31.93 μs
[20:54:13] [main/TRACE] [REI] [REIPlugin END] Reloading Section: "pre-stage/" done in 1.835 ms
[20:54:13] [main/DEBUG] [REI] ========================================
[20:54:13] [main/DEBUG] [REI] REIPlugin finished pre-reload for END in 2.463 ms.
[20:54:13] [main/DEBUG] [REI] ========================================
[20:54:13] [main/DEBUG] [REI] ========================================
[20:54:13] [main/DEBUG] [REI] REIServerPlugin starting pre-reload for END.
[20:54:13] [main/DEBUG] [REI] Reloadables (2):
[20:54:13] [main/DEBUG] [REI]  - MenuInfoRegistryImpl
[20:54:13] [main/DEBUG] [REI]  - SlotAccessorRegistryImpl
[20:54:13] [main/DEBUG] [REI] Plugins (2):
[20:54:13] [main/DEBUG] [REI]  - (-100.00) DefaultPluginImpl of DefaultPluginImpl [roughlyenoughitems]
[20:54:13] [main/DEBUG] [REI]  - (0.00) DefaultRuntimePlugin of DefaultRuntimePlugin [roughlyenoughitems]
[20:54:13] [main/DEBUG] [REI] ========================================
[20:54:13] [main/TRACE] [REI] [REIServerPlugin END] Reloading Section: "pre-register/"
[20:54:13] [main/TRACE] [REI] [REIServerPlugin END] Reloading Section: "pre-register/DefaultPluginImpl of DefaultPluginImpl [roughlyenoughitems]/"
[20:54:13] [main/TRACE] [REI] [REIServerPlugin END] Reloading Section: "pre-register/DefaultPluginImpl of DefaultPluginImpl [roughlyenoughitems]/" done in 30.96 μs
[20:54:13] [main/TRACE] [REI] [REIServerPlugin END] Reloading Section: "pre-register/DefaultRuntimePlugin of DefaultRuntimePlugin [roughlyenoughitems]/"
[20:54:13] [main/TRACE] [REI] [REIServerPlugin END] Reloading Section: "pre-register/DefaultRuntimePlugin of DefaultRuntimePlugin [roughlyenoughitems]/" done in 35.27 μs
[20:54:13] [main/TRACE] [REI] [REIServerPlugin END] Reloading Section: "pre-register/" done in 837.2 μs
[20:54:13] [main/TRACE] [REI] [REIServerPlugin END] Reloading Section: "pre-stage/"
[20:54:13] [main/TRACE] [REI] [REIServerPlugin END] Reloading Section: "pre-stage/MenuInfoRegistryImpl/"
[20:54:13] [main/TRACE] [REI] [REIServerPlugin END] Reloading Section: "pre-stage/MenuInfoRegistryImpl/" done in 25.95 μs
[20:54:13] [main/TRACE] [REI] [REIServerPlugin END] Reloading Section: "pre-stage/SlotAccessorRegistryImpl/"
[20:54:13] [main/TRACE] [REI] [REIServerPlugin END] Reloading Section: "pre-stage/SlotAccessorRegistryImpl/" done in 22.16 μs
[20:54:13] [main/TRACE] [REI] [REIServerPlugin END] Reloading Section: "pre-stage/" done in 172.6 μs
[20:54:13] [main/DEBUG] [REI] ========================================
[20:54:13] [main/DEBUG] [REI] REIServerPlugin finished pre-reload for END in 1.118 ms.
[20:54:13] [main/DEBUG] [REI] ========================================
[20:54:13] [main/INFO] [REI] ----------------------------------------
[20:54:13] [main/INFO] [REI] REIPlugin starting main-reload for END.
[20:54:13] [main/DEBUG] [REI] Reloadables (7):
[20:54:13] [main/DEBUG] [REI]  - EntryTypeRegistryImpl
[20:54:13] [main/DEBUG] [REI]  - EntrySettingsAdapterRegistryImpl
[20:54:13] [main/DEBUG] [REI]  - RecipeManagerContextImpl
[20:54:13] [main/DEBUG] [REI]  - ItemComparatorRegistryImpl
[20:54:13] [main/DEBUG] [REI]  - FluidComparatorRegistryImpl
[20:54:13] [main/DEBUG] [REI]  - DisplaySerializerRegistryImpl
[20:54:13] [main/DEBUG] [REI]  - FluidSupportProviderImpl
[20:54:13] [main/INFO] [REI] Plugins (2):
[20:54:13] [main/INFO] [REI]  - (-100.00) DefaultPluginImpl of DefaultPluginImpl [roughlyenoughitems]
[20:54:13] [main/INFO] [REI]  - (0.00) DefaultRuntimePlugin of DefaultRuntimePlugin [roughlyenoughitems]
[20:54:13] [main/INFO] [REI] ----------------------------------------
[20:54:13] [main/TRACE] [REI] [REIPlugin END] Reloading Section: "start-reload/"
[20:54:13] [main/TRACE] [REI] [REIPlugin END] Reloading Section: "start-reload/EntryTypeRegistryImpl/"
[20:54:13] [main/TRACE] [REI] [REIPlugin END] Reloading Section: "start-reload/EntryTypeRegistryImpl/" done in 27.71 μs
[20:54:13] [main/TRACE] [REI] [REIPlugin END] Reloading Section: "start-reload/EntrySettingsAdapterRegistryImpl/"
[20:54:13] [main/TRACE] [REI] [REIPlugin END] Reloading Section: "start-reload/EntrySettingsAdapterRegistryImpl/" done in 39.60 μs
[20:54:13] [main/TRACE] [REI] [REIPlugin END] Reloading Section: "start-reload/RecipeManagerContextImpl/"
[20:54:13] [main/TRACE] [REI] [REIPlugin END] Reloading Section: "start-reload/RecipeManagerContextImpl/" done in 26.28 μs
[20:54:13] [main/TRACE] [REI] [REIPlugin END] Reloading Section: "start-reload/ItemComparatorRegistryImpl/"
[20:54:13] [main/TRACE] [REI] [REIPlugin END] Reloading Section: "start-reload/ItemComparatorRegistryImpl/" done in 22.51 μs
[20:54:13] [main/TRACE] [REI] [REIPlugin END] Reloading Section: "start-reload/FluidComparatorRegistryImpl/"
[20:54:13] [main/TRACE] [REI] [REIPlugin END] Reloading Section: "start-reload/FluidComparatorRegistryImpl/" done in 21.42 μs
[20:54:13] [main/TRACE] [REI] [REIPlugin END] Reloading Section: "start-reload/DisplaySerializerRegistryImpl/"
[20:54:13] [main/TRACE] [REI] [REIPlugin END] Reloading Section: "start-reload/DisplaySerializerRegistryImpl/" done in 27.94 μs
[20:54:13] [main/TRACE] [REI] [REIPlugin END] Reloading Section: "start-reload/FluidSupportProviderImpl/"
[20:54:13] [main/TRACE] [REI] [REIPlugin END] Reloading Section: "start-reload/FluidSupportProviderImpl/" done in 24.80 μs
[20:54:13] [main/TRACE] [REI] [REIPlugin END] Reloading Section: "start-reload/" done in 630.3 μs
[20:54:13] [main/DEBUG] [REI] ========================================
[20:54:13] [main/DEBUG] [REI] REIPlugin started main-reload for END.
[20:54:13] [main/DEBUG] [REI] ========================================
[20:54:13] [main/TRACE] [REI] [REIPlugin END] Reloading Section: "reloadable-plugin/EntryTypeRegistryImpl/"
[20:54:13] [main/TRACE] [REI] [REIPlugin END] Reloading Section: "reloadable-plugin/EntryTypeRegistryImpl/DefaultPluginImpl of DefaultPluginImpl [roughlyenoughitems]/"
[20:54:13] [main/TRACE] [REI] [REIPlugin END] Reloading Section: "reloadable-plugin/EntryTypeRegistryImpl/DefaultPluginImpl of DefaultPluginImpl [roughlyenoughitems]/" done in 40.18 μs
[20:54:13] [main/TRACE] [REI] [REIPlugin END] Reloading Section: "reloadable-plugin/EntryTypeRegistryImpl/DefaultRuntimePlugin of DefaultRuntimePlugin [roughlyenoughitems]/"
[20:54:13] [main/TRACE] [REI] [REIPlugin END] Reloading Section: "reloadable-plugin/EntryTypeRegistryImpl/DefaultRuntimePlugin of DefaultRuntimePlugin [roughlyenoughitems]/" done in 29.20 μs
[20:54:13] [main/TRACE] [REI] [REIPlugin END] Reloading Section: "reloadable-plugin/EntryTypeRegistryImpl/" done in 226.7 μs
[20:54:13] [main/TRACE] [REI] [REIPlugin END] Reloading Section: "reloadable-plugin/EntrySettingsAdapterRegistryImpl/"
[20:54:13] [main/TRACE] [REI] [REIPlugin END] Reloading Section: "reloadable-plugin/EntrySettingsAdapterRegistryImpl/DefaultPluginImpl of DefaultPluginImpl [roughlyenoughitems]/"
[20:54:13] [main/TRACE] [REI] [REIPlugin END] Reloading Section: "reloadable-plugin/EntrySettingsAdapterRegistryImpl/DefaultPluginImpl of DefaultPluginImpl [roughlyenoughitems]/" done in 37.04 μs
[20:54:13] [main/TRACE] [REI] [REIPlugin END] Reloading Section: "reloadable-plugin/EntrySettingsAdapterRegistryImpl/DefaultRuntimePlugin of DefaultRuntimePlugin [roughlyenoughitems]/"
[20:54:13] [main/TRACE] [REI] [REIPlugin END] Reloading Section: "reloadable-plugin/EntrySettingsAdapterRegistryImpl/DefaultRuntimePlugin of DefaultRuntimePlugin [roughlyenoughitems]/" done in 53.76 μs
[20:54:13] [main/TRACE] [REI] [REIPlugin END] Reloading Section: "reloadable-plugin/EntrySettingsAdapterRegistryImpl/" done in 257.6 μs
[20:54:13] [main/TRACE] [REI] [REIPlugin END] Reloading Section: "reloadable-plugin/RecipeManagerContextImpl/"
[20:54:13] [main/TRACE] [REI] [REIPlugin END] Reloading Section: "reloadable-plugin/RecipeManagerContextImpl/DefaultPluginImpl of DefaultPluginImpl [roughlyenoughitems]/"
[20:54:13] [main/TRACE] [REI] [REIPlugin END] Reloading Section: "reloadable-plugin/RecipeManagerContextImpl/DefaultPluginImpl of DefaultPluginImpl [roughlyenoughitems]/" done in 31.60 μs
[20:54:13] [main/TRACE] [REI] [REIPlugin END] Reloading Section: "reloadable-plugin/RecipeManagerContextImpl/DefaultRuntimePlugin of DefaultRuntimePlugin [roughlyenoughitems]/"
[20:54:13] [main/TRACE] [REI] [REIPlugin END] Reloading Section: "reloadable-plugin/RecipeManagerContextImpl/DefaultRuntimePlugin of DefaultRuntimePlugin [roughlyenoughitems]/" done in 38.81 μs
[20:54:13] [main/TRACE] [REI] [REIPlugin END] Reloading Section: "reloadable-plugin/RecipeManagerContextImpl/" done in 234.8 μs
[20:54:13] [main/TRACE] [REI] [REIPlugin END] Reloading Section: "reloadable-plugin/ItemComparatorRegistryImpl/"
[20:54:13] [main/TRACE] [REI] [REIPlugin END] Reloading Section: "reloadable-plugin/ItemComparatorRegistryImpl/DefaultPluginImpl of DefaultPluginImpl [roughlyenoughitems]/"
[20:54:13] [main/TRACE] [REI] [REIPlugin END] Reloading Section: "reloadable-plugin/ItemComparatorRegistryImpl/DefaultPluginImpl of DefaultPluginImpl [roughlyenoughitems]/" done in 30.07 μs
[20:54:13] [main/TRACE] [REI] [REIPlugin END] Reloading Section: "reloadable-plugin/ItemComparatorRegistryImpl/DefaultRuntimePlugin of DefaultRuntimePlugin [roughlyenoughitems]/"
[20:54:13] [main/TRACE] [REI] [REIPlugin END] Reloading Section: "reloadable-plugin/ItemComparatorRegistryImpl/DefaultRuntimePlugin of DefaultRuntimePlugin [roughlyenoughitems]/" done in 32.07 μs
[20:54:13] [main/TRACE] [REI] [REIPlugin END] Reloading Section: "reloadable-plugin/ItemComparatorRegistryImpl/" done in 218.5 μs
[20:54:13] [main/TRACE] [REI] [REIPlugin END] Reloading Section: "reloadable-plugin/FluidComparatorRegistryImpl/"
[20:54:13] [main/TRACE] [REI] [REIPlugin END] Reloading Section: "reloadable-plugin/FluidComparatorRegistryImpl/DefaultPluginImpl of DefaultPluginImpl [roughlyenoughitems]/"
[20:54:13] [main/TRACE] [REI] [REIPlugin END] Reloading Section: "reloadable-plugin/FluidComparatorRegistryImpl/DefaultPluginImpl of DefaultPluginImpl [roughlyenoughitems]/" done in 30.19 μs
[20:54:13] [main/TRACE] [REI] [REIPlugin END] Reloading Section: "reloadable-plugin/FluidComparatorRegistryImpl/DefaultRuntimePlugin of DefaultRuntimePlugin [roughlyenoughitems]/"
[20:54:13] [main/TRACE] [REI] [REIPlugin END] Reloading Section: "reloadable-plugin/FluidComparatorRegistryImpl/DefaultRuntimePlugin of DefaultRuntimePlugin [roughlyenoughitems]/" done in 30.33 μs
[20:54:13] [main/TRACE] [REI] [REIPlugin END] Reloading Section: "reloadable-plugin/FluidComparatorRegistryImpl/" done in 217.3 μs
[20:54:13] [main/TRACE] [REI] [REIPlugin END] Reloading Section: "reloadable-plugin/DisplaySerializerRegistryImpl/"
[20:54:13] [main/TRACE] [REI] [REIPlugin END] Reloading Section: "reloadable-plugin/DisplaySerializerRegistryImpl/DefaultPluginImpl of DefaultPluginImpl [roughlyenoughitems]/"
[20:54:13] [main/TRACE] [REI] [REIPlugin END] Reloading Section: "reloadable-plugin/DisplaySerializerRegistryImpl/DefaultPluginImpl of DefaultPluginImpl [roughlyenoughitems]/" done in 27.54 ms
[20:54:13] [main/TRACE] [REI] [REIPlugin END] Reloading Section: "reloadable-plugin/DisplaySerializerRegistryImpl/DefaultRuntimePlugin of DefaultRuntimePlugin [roughlyenoughitems]/"
[20:54:13] [main/TRACE] [REI] [REIPlugin END] Reloading Section: "reloadable-plugin/DisplaySerializerRegistryImpl/DefaultRuntimePlugin of DefaultRuntimePlugin [roughlyenoughitems]/" done in 800.4 μs
[20:54:13] [main/TRACE] [REI] [REIPlugin END] Reloading Section: "reloadable-plugin/DisplaySerializerRegistryImpl/" done in 28.87 ms
[20:54:13] [main/TRACE] [REI] [REIPlugin END] Reloading Section: "reloadable-plugin/FluidSupportProviderImpl/"
[20:54:13] [main/TRACE] [REI] [REIPlugin END] Reloading Section: "reloadable-plugin/FluidSupportProviderImpl/DefaultPluginImpl of DefaultPluginImpl [roughlyenoughitems]/"
[20:54:13] [main/TRACE] [REI] [REIPlugin END] Reloading Section: "reloadable-plugin/FluidSupportProviderImpl/DefaultPluginImpl of DefaultPluginImpl [roughlyenoughitems]/" done in 49.41 μs
[20:54:13] [main/TRACE] [REI] [REIPlugin END] Reloading Section: "reloadable-plugin/FluidSupportProviderImpl/DefaultRuntimePlugin of DefaultRuntimePlugin [roughlyenoughitems]/"
[20:54:13] [main/TRACE] [REI] [REIPlugin END] Reloading Section: "reloadable-plugin/FluidSupportProviderImpl/DefaultRuntimePlugin of DefaultRuntimePlugin [roughlyenoughitems]/" done in 47.17 μs
[20:54:13] [main/TRACE] [REI] [REIPlugin END] Reloading Section: "reloadable-plugin/FluidSupportProviderImpl/" done in 343.3 μs
[20:54:13] [main/DEBUG] [REI] ========================================
[20:54:13] [main/DEBUG] [REI] REIPlugin ending main-reload for END.
[20:54:13] [main/DEBUG] [REI] ========================================
[20:54:13] [main/TRACE] [REI] [REIPlugin END] Reloading Section: "end-reload/"
[20:54:13] [main/TRACE] [REI] [REIPlugin END] Reloading Section: "end-reload/EntryTypeRegistryImpl/"
[20:54:13] [main/TRACE] [REI] [REIPlugin END] Reloading Section: "end-reload/EntryTypeRegistryImpl/" done in 33.13 μs
[20:54:13] [main/TRACE] [REI] [REIPlugin END] Reloading Section: "end-reload/EntrySettingsAdapterRegistryImpl/"
[20:54:13] [main/TRACE] [REI] [REIPlugin END] Reloading Section: "end-reload/EntrySettingsAdapterRegistryImpl/" done in 33.92 μs
[20:54:13] [main/TRACE] [REI] [REIPlugin END] Reloading Section: "end-reload/RecipeManagerContextImpl/"
[20:54:13] [main/TRACE] [REI] [REIPlugin END] Reloading Section: "end-reload/RecipeManagerContextImpl/" done in 34.03 μs
[20:54:13] [main/TRACE] [REI] [REIPlugin END] Reloading Section: "end-reload/ItemComparatorRegistryImpl/"
[20:54:13] [main/TRACE] [REI] [REIPlugin END] Reloading Section: "end-reload/ItemComparatorRegistryImpl/" done in 36.99 μs
[20:54:13] [main/TRACE] [REI] [REIPlugin END] Reloading Section: "end-reload/FluidComparatorRegistryImpl/"
[20:54:13] [main/TRACE] [REI] [REIPlugin END] Reloading Section: "end-reload/FluidComparatorRegistryImpl/" done in 33.12 μs
[20:54:13] [main/TRACE] [REI] [REIPlugin END] Reloading Section: "end-reload/DisplaySerializerRegistryImpl/"
[20:54:13] [main/TRACE] [REI] [REIPlugin END] Reloading Section: "end-reload/DisplaySerializerRegistryImpl/" done in 40.60 μs
[20:54:13] [main/TRACE] [REI] [REIPlugin END] Reloading Section: "end-reload/FluidSupportProviderImpl/"
[20:54:13] [main/TRACE] [REI] [REIPlugin END] Reloading Section: "end-reload/FluidSupportProviderImpl/" done in 36.08 μs
[20:54:13] [main/TRACE] [REI] [REIPlugin END] Reloading Section: "end-reload/" done in 853.6 μs
[20:54:13] [main/DEBUG] [REI] ========================================
[20:54:13] [main/DEBUG] [REI] REIPlugin ended main-reload for END in 33.96 ms.
[20:54:13] [main/DEBUG] [REI] ========================================
[20:54:13] [main/INFO] [REI] %%%%%%%%%%%%%%%%%%%%%%%%%%%%%%%%%%%%%%%%
[20:54:13] [main/INFO] [REI] REIServerPlugin starting main-reload for END.
[20:54:13] [main/DEBUG] [REI] Reloadables (2):
[20:54:13] [main/DEBUG] [REI]  - MenuInfoRegistryImpl
[20:54:13] [main/DEBUG] [REI]  - SlotAccessorRegistryImpl
[20:54:13] [main/INFO] [REI] Plugins (2):
[20:54:13] [main/INFO] [REI]  - (-100.00) DefaultPluginImpl of DefaultPluginImpl [roughlyenoughitems]
[20:54:13] [main/INFO] [REI]  - (0.00) DefaultRuntimePlugin of DefaultRuntimePlugin [roughlyenoughitems]
[20:54:13] [main/INFO] [REI] %%%%%%%%%%%%%%%%%%%%%%%%%%%%%%%%%%%%%%%%
[20:54:13] [main/TRACE] [REI] [REIServerPlugin END] Reloading Section: "start-reload/"
[20:54:13] [main/TRACE] [REI] [REIServerPlugin END] Reloading Section: "start-reload/MenuInfoRegistryImpl/"
[20:54:13] [main/TRACE] [REI] [REIServerPlugin END] Reloading Section: "start-reload/MenuInfoRegistryImpl/" done in 45.38 μs
[20:54:13] [main/TRACE] [REI] [REIServerPlugin END] Reloading Section: "start-reload/SlotAccessorRegistryImpl/"
[20:54:13] [main/TRACE] [REI] [REIServerPlugin END] Reloading Section: "start-reload/SlotAccessorRegistryImpl/" done in 34.85 μs
[20:54:13] [main/TRACE] [REI] [REIServerPlugin END] Reloading Section: "start-reload/" done in 279.1 μs
[20:54:13] [main/DEBUG] [REI] ========================================
[20:54:13] [main/DEBUG] [REI] REIServerPlugin started main-reload for END.
[20:54:13] [main/DEBUG] [REI] ========================================
[20:54:13] [main/TRACE] [REI] [REIServerPlugin END] Reloading Section: "reloadable-plugin/MenuInfoRegistryImpl/"
[20:54:13] [main/TRACE] [REI] [REIServerPlugin END] Reloading Section: "reloadable-plugin/MenuInfoRegistryImpl/DefaultPluginImpl of DefaultPluginImpl [roughlyenoughitems]/"
[20:54:13] [main/TRACE] [REI] [REIServerPlugin END] Reloading Section: "reloadable-plugin/MenuInfoRegistryImpl/DefaultPluginImpl of DefaultPluginImpl [roughlyenoughitems]/" done in 44.88 μs
[20:54:13] [main/TRACE] [REI] [REIServerPlugin END] Reloading Section: "reloadable-plugin/MenuInfoRegistryImpl/DefaultRuntimePlugin of DefaultRuntimePlugin [roughlyenoughitems]/"
[20:54:13] [main/TRACE] [REI] [REIServerPlugin END] Reloading Section: "reloadable-plugin/MenuInfoRegistryImpl/DefaultRuntimePlugin of DefaultRuntimePlugin [roughlyenoughitems]/" done in 33.85 μs
[20:54:13] [main/TRACE] [REI] [REIServerPlugin END] Reloading Section: "reloadable-plugin/MenuInfoRegistryImpl/" done in 272.8 μs
[20:54:13] [main/TRACE] [REI] [REIServerPlugin END] Reloading Section: "reloadable-plugin/SlotAccessorRegistryImpl/"
[20:54:13] [main/TRACE] [REI] [REIServerPlugin END] Reloading Section: "reloadable-plugin/SlotAccessorRegistryImpl/DefaultPluginImpl of DefaultPluginImpl [roughlyenoughitems]/"
[20:54:13] [main/TRACE] [REI] [REIServerPlugin END] Reloading Section: "reloadable-plugin/SlotAccessorRegistryImpl/DefaultPluginImpl of DefaultPluginImpl [roughlyenoughitems]/" done in 40.74 μs
[20:54:13] [main/TRACE] [REI] [REIServerPlugin END] Reloading Section: "reloadable-plugin/SlotAccessorRegistryImpl/DefaultRuntimePlugin of DefaultRuntimePlugin [roughlyenoughitems]/"
[20:54:13] [main/DEBUG] [REI] Added slot accessor serializer: me.shedaniel.rei.plugin.common.runtime.DefaultRuntimePlugin$1@151ac88 [roughlyenoughitems:vanilla]
[20:54:13] [main/DEBUG] [REI] Added slot accessor serializer: me.shedaniel.rei.plugin.common.runtime.DefaultRuntimePlugin$2@3ac2c5f8 [roughlyenoughitems:player]
[20:54:13] [main/TRACE] [REI] [REIServerPlugin END] Reloading Section: "reloadable-plugin/SlotAccessorRegistryImpl/DefaultRuntimePlugin of DefaultRuntimePlugin [roughlyenoughitems]/" done in 2.147 ms
[20:54:13] [main/TRACE] [REI] [REIServerPlugin END] Reloading Section: "reloadable-plugin/SlotAccessorRegistryImpl/" done in 2.791 ms
[20:54:13] [main/DEBUG] [REI] ========================================
[20:54:13] [main/DEBUG] [REI] REIServerPlugin ending main-reload for END.
[20:54:13] [main/DEBUG] [REI] ========================================
[20:54:13] [main/TRACE] [REI] [REIServerPlugin END] Reloading Section: "end-reload/"
[20:54:13] [main/TRACE] [REI] [REIServerPlugin END] Reloading Section: "end-reload/MenuInfoRegistryImpl/"
[20:54:13] [main/DEBUG] [REI] Registered 0 menu infos
[20:54:13] [main/TRACE] [REI] [REIServerPlugin END] Reloading Section: "end-reload/MenuInfoRegistryImpl/" done in 147.4 μs
[20:54:13] [main/TRACE] [REI] [REIServerPlugin END] Reloading Section: "end-reload/SlotAccessorRegistryImpl/"
[20:54:13] [main/DEBUG] [REI] Registered 2 slot accessor serializers
[20:54:13] [main/TRACE] [REI] [REIServerPlugin END] Reloading Section: "end-reload/SlotAccessorRegistryImpl/" done in 109.8 μs
[20:54:13] [main/TRACE] [REI] [REIServerPlugin END] Reloading Section: "end-reload/" done in 434.8 μs
[20:54:13] [main/DEBUG] [REI] ========================================
[20:54:13] [main/DEBUG] [REI] REIServerPlugin ended main-reload for END in 6.750 ms.
[20:54:13] [main/DEBUG] [REI] ========================================
[20:54:13] [main/DEBUG] [REI] ========================================
[20:54:13] [main/DEBUG] [REI] REIPlugin starting post-reload for END.
[20:54:13] [main/DEBUG] [REI] Reloadables (7):
[20:54:13] [main/DEBUG] [REI]  - EntryTypeRegistryImpl
[20:54:13] [main/DEBUG] [REI]  - EntrySettingsAdapterRegistryImpl
[20:54:13] [main/DEBUG] [REI]  - RecipeManagerContextImpl
[20:54:13] [main/DEBUG] [REI]  - ItemComparatorRegistryImpl
[20:54:13] [main/DEBUG] [REI]  - FluidComparatorRegistryImpl
[20:54:13] [main/DEBUG] [REI]  - DisplaySerializerRegistryImpl
[20:54:13] [main/DEBUG] [REI]  - FluidSupportProviderImpl
[20:54:13] [main/DEBUG] [REI] Plugins (2):
[20:54:13] [main/DEBUG] [REI]  - (-100.00) DefaultPluginImpl of DefaultPluginImpl [roughlyenoughitems]
[20:54:13] [main/DEBUG] [REI]  - (0.00) DefaultRuntimePlugin of DefaultRuntimePlugin [roughlyenoughitems]
[20:54:13] [main/DEBUG] [REI] ========================================
[20:54:13] [main/TRACE] [REI] [REIPlugin END] Reloading Section: "post-register/"
[20:54:13] [main/TRACE] [REI] [REIPlugin END] Reloading Section: "post-register/DefaultPluginImpl of DefaultPluginImpl [roughlyenoughitems]/"
[20:54:13] [main/TRACE] [REI] [REIPlugin END] Reloading Section: "post-register/DefaultPluginImpl of DefaultPluginImpl [roughlyenoughitems]/" done in 46.36 μs
[20:54:13] [main/TRACE] [REI] [REIPlugin END] Reloading Section: "post-register/DefaultRuntimePlugin of DefaultRuntimePlugin [roughlyenoughitems]/"
[20:54:13] [main/TRACE] [REI] [REIPlugin END] Reloading Section: "post-register/DefaultRuntimePlugin of DefaultRuntimePlugin [roughlyenoughitems]/" done in 61.47 μs
[20:54:13] [main/TRACE] [REI] [REIPlugin END] Reloading Section: "post-register/" done in 306.5 μs
[20:54:13] [main/TRACE] [REI] [REIPlugin END] Reloading Section: "post-stage/"
[20:54:13] [main/TRACE] [REI] [REIPlugin END] Reloading Section: "post-stage/EntryTypeRegistryImpl/"
[20:54:13] [main/TRACE] [REI] [REIPlugin END] Reloading Section: "post-stage/EntryTypeRegistryImpl/" done in 30.52 μs
[20:54:13] [main/TRACE] [REI] [REIPlugin END] Reloading Section: "post-stage/EntrySettingsAdapterRegistryImpl/"
[20:54:13] [main/TRACE] [REI] [REIPlugin END] Reloading Section: "post-stage/EntrySettingsAdapterRegistryImpl/" done in 31.34 μs
[20:54:13] [main/TRACE] [REI] [REIPlugin END] Reloading Section: "post-stage/RecipeManagerContextImpl/"
[20:54:13] [main/TRACE] [REI] [REIPlugin END] Reloading Section: "post-stage/RecipeManagerContextImpl/" done in 35.08 μs
[20:54:13] [main/TRACE] [REI] [REIPlugin END] Reloading Section: "post-stage/ItemComparatorRegistryImpl/"
[20:54:13] [main/TRACE] [REI] [REIPlugin END] Reloading Section: "post-stage/ItemComparatorRegistryImpl/" done in 37.72 μs
[20:54:13] [main/TRACE] [REI] [REIPlugin END] Reloading Section: "post-stage/FluidComparatorRegistryImpl/"
[20:54:13] [main/TRACE] [REI] [REIPlugin END] Reloading Section: "post-stage/FluidComparatorRegistryImpl/" done in 30.98 μs
[20:54:13] [main/TRACE] [REI] [REIPlugin END] Reloading Section: "post-stage/DisplaySerializerRegistryImpl/"
[20:54:13] [main/TRACE] [REI] [REIPlugin END] Reloading Section: "post-stage/DisplaySerializerRegistryImpl/" done in 36.46 μs
[20:54:13] [main/TRACE] [REI] [REIPlugin END] Reloading Section: "post-stage/FluidSupportProviderImpl/"
[20:54:13] [main/TRACE] [REI] [REIPlugin END] Reloading Section: "post-stage/FluidSupportProviderImpl/" done in 32.33 μs
[20:54:13] [main/TRACE] [REI] [REIPlugin END] Reloading Section: "post-stage/" done in 739.0 μs
[20:54:13] [main/DEBUG] [REI] ========================================
[20:54:13] [main/INFO] [REI] REIPlugin finished post-reload for END in 1.204 ms, totaling 37.56 ms.
[20:54:13] [main/DEBUG] [REI] ========================================
[20:54:13] [main/DEBUG] [REI] ========================================
[20:54:13] [main/DEBUG] [REI] REIServerPlugin starting post-reload for END.
[20:54:13] [main/DEBUG] [REI] Reloadables (2):
[20:54:13] [main/DEBUG] [REI]  - MenuInfoRegistryImpl
[20:54:13] [main/DEBUG] [REI]  - SlotAccessorRegistryImpl
[20:54:13] [main/DEBUG] [REI] Plugins (2):
[20:54:13] [main/DEBUG] [REI]  - (-100.00) DefaultPluginImpl of DefaultPluginImpl [roughlyenoughitems]
[20:54:13] [main/DEBUG] [REI]  - (0.00) DefaultRuntimePlugin of DefaultRuntimePlugin [roughlyenoughitems]
[20:54:13] [main/DEBUG] [REI] ========================================
[20:54:13] [main/TRACE] [REI] [REIServerPlugin END] Reloading Section: "post-register/"
[20:54:13] [main/TRACE] [REI] [REIServerPlugin END] Reloading Section: "post-register/DefaultPluginImpl of DefaultPluginImpl [roughlyenoughitems]/"
[20:54:13] [main/TRACE] [REI] [REIServerPlugin END] Reloading Section: "post-register/DefaultPluginImpl of DefaultPluginImpl [roughlyenoughitems]/" done in 35.67 μs
[20:54:13] [main/TRACE] [REI] [REIServerPlugin END] Reloading Section: "post-register/DefaultRuntimePlugin of DefaultRuntimePlugin [roughlyenoughitems]/"
[20:54:13] [main/TRACE] [REI] [REIServerPlugin END] Reloading Section: "post-register/DefaultRuntimePlugin of DefaultRuntimePlugin [roughlyenoughitems]/" done in 41.66 μs
[20:54:13] [main/TRACE] [REI] [REIServerPlugin END] Reloading Section: "post-register/" done in 796.2 μs
[20:54:13] [main/TRACE] [REI] [REIServerPlugin END] Reloading Section: "post-stage/"
[20:54:13] [main/TRACE] [REI] [REIServerPlugin END] Reloading Section: "post-stage/MenuInfoRegistryImpl/"
[20:54:13] [main/TRACE] [REI] [REIServerPlugin END] Reloading Section: "post-stage/MenuInfoRegistryImpl/" done in 25.43 μs
[20:54:13] [main/TRACE] [REI] [REIServerPlugin END] Reloading Section: "post-stage/SlotAccessorRegistryImpl/"
[20:54:13] [main/TRACE] [REI] [REIServerPlugin END] Reloading Section: "post-stage/SlotAccessorRegistryImpl/" done in 26.54 μs
[20:54:13] [main/TRACE] [REI] [REIServerPlugin END] Reloading Section: "post-stage/" done in 206.5 μs
[20:54:13] [main/DEBUG] [REI] ========================================
[20:54:13] [main/INFO] [REI] REIServerPlugin finished post-reload for END in 1.108 ms, totaling 8.926 ms.
[20:54:13] [main/DEBUG] [REI] ========================================
